2015-02-11 15:31:05,455 [Worker-2] INFO  o.e.m.c.i.l.LifecycleMappingFactory - Using org.maven.ide.eclipse.wtp.WarLifecycleMapping lifecycle mapping for MavenProject: KitchenApp:KitchenApp:0.0.1-SNAPSHOT @ C:\Users\Sabid\Documents\GitHub\Restaurant\KitchenApp\pom.xml.
2015-02-11 15:31:06,483 [Worker-3] INFO  o.e.m.c.i.l.LifecycleMappingFactory - Using org.maven.ide.eclipse.wtp.WarLifecycleMapping lifecycle mapping for MavenProject: KitchenApp:KitchenApp:0.0.1-SNAPSHOT @ C:\Users\Sabid\Documents\GitHub\Restaurant\KitchenApp\pom.xml.
2015-02-11 15:31:09,778 [Worker-3] WARN  o.e.m.c.i.embedder.EclipseLogger - Using platform encoding (Cp1252 actually) to copy filtered resources, i.e. build is platform dependent!
2015-02-11 15:31:09,782 [Worker-5] INFO  o.e.m.c.i.l.LifecycleMappingFactory - Using org.maven.ide.eclipse.wtp.WarLifecycleMapping lifecycle mapping for MavenProject: KitchenApp:KitchenApp:0.0.1-SNAPSHOT @ C:\Users\Sabid\Documents\GitHub\Restaurant\KitchenApp\pom.xml.
2015-02-11 15:31:09,783 [Worker-3] INFO  o.e.m.c.i.embedder.EclipseLogger - skip non existing resourceDirectory C:\Users\Sabid\Documents\GitHub\Restaurant\KitchenApp\src\main\resources
2015-02-11 15:31:09,787 [Worker-3] WARN  o.e.m.c.i.embedder.EclipseLogger - Using platform encoding (Cp1252 actually) to copy filtered resources, i.e. build is platform dependent!
2015-02-11 15:31:09,788 [Worker-3] INFO  o.e.m.c.i.embedder.EclipseLogger - skip non existing resourceDirectory C:\Users\Sabid\Documents\GitHub\Restaurant\KitchenApp\src\test\resources
2015-02-11 15:31:10,489 [Worker-5] INFO  o.e.m.c.i.l.LifecycleMappingFactory - Using org.maven.ide.eclipse.wtp.WarLifecycleMapping lifecycle mapping for MavenProject: KitchenApp:KitchenApp:0.0.1-SNAPSHOT @ C:\Users\Sabid\Documents\GitHub\Restaurant\KitchenApp\pom.xml.
2015-02-11 15:31:12,731 [Worker-8] WARN  o.e.m.c.i.embedder.EclipseLogger - Using platform encoding (Cp1252 actually) to copy filtered resources, i.e. build is platform dependent!
2015-02-11 15:31:12,733 [Worker-8] INFO  o.e.m.c.i.embedder.EclipseLogger - skip non existing resourceDirectory C:\Users\Sabid\Documents\GitHub\Restaurant\KitchenApp\src\main\resources
2015-02-11 15:31:12,755 [Worker-8] WARN  o.e.m.c.i.embedder.EclipseLogger - Using platform encoding (Cp1252 actually) to copy filtered resources, i.e. build is platform dependent!
2015-02-11 15:31:12,756 [Worker-8] INFO  o.e.m.c.i.embedder.EclipseLogger - skip non existing resourceDirectory C:\Users\Sabid\Documents\GitHub\Restaurant\KitchenApp\src\test\resources
2015-02-11 15:33:05,159 [Worker-6] WARN  o.e.m.c.i.embedder.EclipseLogger - Using platform encoding (Cp1252 actually) to copy filtered resources, i.e. build is platform dependent!
2015-02-11 15:33:05,160 [Worker-6] INFO  o.e.m.c.i.embedder.EclipseLogger - skip non existing resourceDirectory C:\Users\Sabid\Documents\GitHub\Restaurant\KitchenApp\src\main\resources
2015-02-11 15:33:05,162 [Worker-6] WARN  o.e.m.c.i.embedder.EclipseLogger - Using platform encoding (Cp1252 actually) to copy filtered resources, i.e. build is platform dependent!
2015-02-11 15:33:05,163 [Worker-6] INFO  o.e.m.c.i.embedder.EclipseLogger - skip non existing resourceDirectory C:\Users\Sabid\Documents\GitHub\Restaurant\KitchenApp\src\test\resources
2015-02-11 22:38:02,503 [Worker-31] WARN  o.e.m.c.i.embedder.EclipseLogger - Using platform encoding (Cp1252 actually) to copy filtered resources, i.e. build is platform dependent!
2015-02-11 22:38:02,517 [Worker-31] INFO  o.e.m.c.i.embedder.EclipseLogger - skip non existing resourceDirectory C:\Users\Sabid\Documents\GitHub\Restaurant\KitchenApp\src\main\resources
2015-02-11 22:38:02,522 [Worker-31] WARN  o.e.m.c.i.embedder.EclipseLogger - Using platform encoding (Cp1252 actually) to copy filtered resources, i.e. build is platform dependent!
2015-02-11 22:38:02,523 [Worker-31] INFO  o.e.m.c.i.embedder.EclipseLogger - skip non existing resourceDirectory C:\Users\Sabid\Documents\GitHub\Restaurant\KitchenApp\src\test\resources
2015-02-11 22:42:09,186 [Worker-22] WARN  o.e.m.c.i.embedder.EclipseLogger - Using platform encoding (Cp1252 actually) to copy filtered resources, i.e. build is platform dependent!
2015-02-11 22:42:09,189 [Worker-22] INFO  o.e.m.c.i.embedder.EclipseLogger - skip non existing resourceDirectory C:\Users\Sabid\Documents\GitHub\Restaurant\KitchenApp\src\main\resources
2015-02-11 22:42:09,192 [Worker-22] WARN  o.e.m.c.i.embedder.EclipseLogger - Using platform encoding (Cp1252 actually) to copy filtered resources, i.e. build is platform dependent!
2015-02-11 22:42:09,192 [Worker-22] INFO  o.e.m.c.i.embedder.EclipseLogger - skip non existing resourceDirectory C:\Users\Sabid\Documents\GitHub\Restaurant\KitchenApp\src\test\resources
2015-02-11 22:46:30,565 [Worker-27] WARN  o.e.m.c.i.embedder.EclipseLogger - Using platform encoding (Cp1252 actually) to copy filtered resources, i.e. build is platform dependent!
2015-02-11 22:46:30,565 [Worker-27] INFO  o.e.m.c.i.embedder.EclipseLogger - skip non existing resourceDirectory C:\Users\Sabid\Documents\GitHub\Restaurant\KitchenApp\src\main\resources
2015-02-11 22:46:30,567 [Worker-27] WARN  o.e.m.c.i.embedder.EclipseLogger - Using platform encoding (Cp1252 actually) to copy filtered resources, i.e. build is platform dependent!
2015-02-11 22:46:30,660 [Worker-27] INFO  o.e.m.c.i.embedder.EclipseLogger - skip non existing resourceDirectory C:\Users\Sabid\Documents\GitHub\Restaurant\KitchenApp\src\test\resources
2015-02-11 22:49:17,699 [Worker-34] WARN  o.e.m.c.i.embedder.EclipseLogger - Using platform encoding (Cp1252 actually) to copy filtered resources, i.e. build is platform dependent!
2015-02-11 22:49:17,700 [Worker-34] INFO  o.e.m.c.i.embedder.EclipseLogger - skip non existing resourceDirectory C:\Users\Sabid\Documents\GitHub\Restaurant\KitchenApp\src\main\resources
2015-02-11 22:49:17,703 [Worker-34] WARN  o.e.m.c.i.embedder.EclipseLogger - Using platform encoding (Cp1252 actually) to copy filtered resources, i.e. build is platform dependent!
2015-02-11 22:49:17,704 [Worker-34] INFO  o.e.m.c.i.embedder.EclipseLogger - skip non existing resourceDirectory C:\Users\Sabid\Documents\GitHub\Restaurant\KitchenApp\src\test\resources
2015-02-11 22:51:05,027 [Worker-35] WARN  o.e.m.c.i.embedder.EclipseLogger - Using platform encoding (Cp1252 actually) to copy filtered resources, i.e. build is platform dependent!
2015-02-11 22:51:05,028 [Worker-35] INFO  o.e.m.c.i.embedder.EclipseLogger - skip non existing resourceDirectory C:\Users\Sabid\Documents\GitHub\Restaurant\KitchenApp\src\main\resources
2015-02-11 22:51:05,033 [Worker-35] WARN  o.e.m.c.i.embedder.EclipseLogger - Using platform encoding (Cp1252 actually) to copy filtered resources, i.e. build is platform dependent!
2015-02-11 22:51:05,033 [Worker-35] INFO  o.e.m.c.i.embedder.EclipseLogger - skip non existing resourceDirectory C:\Users\Sabid\Documents\GitHub\Restaurant\KitchenApp\src\test\resources
2015-02-11 22:55:20,886 [Worker-22] WARN  o.e.m.c.i.embedder.EclipseLogger - Using platform encoding (Cp1252 actually) to copy filtered resources, i.e. build is platform dependent!
2015-02-11 22:55:20,887 [Worker-22] INFO  o.e.m.c.i.embedder.EclipseLogger - skip non existing resourceDirectory C:\Users\Sabid\Documents\GitHub\Restaurant\KitchenApp\src\main\resources
2015-02-11 22:55:20,890 [Worker-22] WARN  o.e.m.c.i.embedder.EclipseLogger - Using platform encoding (Cp1252 actually) to copy filtered resources, i.e. build is platform dependent!
2015-02-11 22:55:20,890 [Worker-22] INFO  o.e.m.c.i.embedder.EclipseLogger - skip non existing resourceDirectory C:\Users\Sabid\Documents\GitHub\Restaurant\KitchenApp\src\test\resources
2015-02-11 23:18:10,752 [Worker-35] WARN  o.e.m.c.i.embedder.EclipseLogger - Using platform encoding (Cp1252 actually) to copy filtered resources, i.e. build is platform dependent!
2015-02-11 23:18:10,753 [Worker-35] INFO  o.e.m.c.i.embedder.EclipseLogger - skip non existing resourceDirectory C:\Users\Sabid\Documents\GitHub\Restaurant\KitchenApp\src\main\resources
2015-02-11 23:18:10,756 [Worker-35] WARN  o.e.m.c.i.embedder.EclipseLogger - Using platform encoding (Cp1252 actually) to copy filtered resources, i.e. build is platform dependent!
2015-02-11 23:18:10,757 [Worker-35] INFO  o.e.m.c.i.embedder.EclipseLogger - skip non existing resourceDirectory C:\Users\Sabid\Documents\GitHub\Restaurant\KitchenApp\src\test\resources
2015-02-11 23:18:45,647 [Worker-35] WARN  o.e.m.c.i.embedder.EclipseLogger - Using platform encoding (Cp1252 actually) to copy filtered resources, i.e. build is platform dependent!
2015-02-11 23:18:45,648 [Worker-35] INFO  o.e.m.c.i.embedder.EclipseLogger - skip non existing resourceDirectory C:\Users\Sabid\Documents\GitHub\Restaurant\KitchenApp\src\main\resources
2015-02-11 23:18:45,651 [Worker-35] WARN  o.e.m.c.i.embedder.EclipseLogger - Using platform encoding (Cp1252 actually) to copy filtered resources, i.e. build is platform dependent!
2015-02-11 23:18:45,654 [Worker-35] INFO  o.e.m.c.i.embedder.EclipseLogger - skip non existing resourceDirectory C:\Users\Sabid\Documents\GitHub\Restaurant\KitchenApp\src\test\resources
2015-02-11 23:20:16,303 [Worker-37] WARN  o.e.m.c.i.embedder.EclipseLogger - Using platform encoding (Cp1252 actually) to copy filtered resources, i.e. build is platform dependent!
2015-02-11 23:20:16,304 [Worker-37] INFO  o.e.m.c.i.embedder.EclipseLogger - skip non existing resourceDirectory C:\Users\Sabid\Documents\GitHub\Restaurant\KitchenApp\src\main\resources
2015-02-11 23:20:16,308 [Worker-37] WARN  o.e.m.c.i.embedder.EclipseLogger - Using platform encoding (Cp1252 actually) to copy filtered resources, i.e. build is platform dependent!
2015-02-11 23:20:16,310 [Worker-37] INFO  o.e.m.c.i.embedder.EclipseLogger - skip non existing resourceDirectory C:\Users\Sabid\Documents\GitHub\Restaurant\KitchenApp\src\test\resources
2015-02-11 23:20:30,726 [Worker-38] WARN  o.e.m.c.i.embedder.EclipseLogger - Using platform encoding (Cp1252 actually) to copy filtered resources, i.e. build is platform dependent!
2015-02-11 23:20:30,726 [Worker-38] INFO  o.e.m.c.i.embedder.EclipseLogger - skip non existing resourceDirectory C:\Users\Sabid\Documents\GitHub\Restaurant\KitchenApp\src\main\resources
2015-02-11 23:20:30,728 [Worker-38] WARN  o.e.m.c.i.embedder.EclipseLogger - Using platform encoding (Cp1252 actually) to copy filtered resources, i.e. build is platform dependent!
2015-02-11 23:20:30,729 [Worker-38] INFO  o.e.m.c.i.embedder.EclipseLogger - skip non existing resourceDirectory C:\Users\Sabid\Documents\GitHub\Restaurant\KitchenApp\src\test\resources
2015-02-11 23:22:48,009 [Worker-33] WARN  o.e.m.c.i.embedder.EclipseLogger - Using platform encoding (Cp1252 actually) to copy filtered resources, i.e. build is platform dependent!
2015-02-11 23:22:48,010 [Worker-33] INFO  o.e.m.c.i.embedder.EclipseLogger - skip non existing resourceDirectory C:\Users\Sabid\Documents\GitHub\Restaurant\KitchenApp\src\main\resources
2015-02-11 23:22:48,012 [Worker-33] WARN  o.e.m.c.i.embedder.EclipseLogger - Using platform encoding (Cp1252 actually) to copy filtered resources, i.e. build is platform dependent!
2015-02-11 23:22:48,012 [Worker-33] INFO  o.e.m.c.i.embedder.EclipseLogger - skip non existing resourceDirectory C:\Users\Sabid\Documents\GitHub\Restaurant\KitchenApp\src\test\resources
2015-02-11 23:23:08,521 [Worker-35] WARN  o.e.m.c.i.embedder.EclipseLogger - Using platform encoding (Cp1252 actually) to copy filtered resources, i.e. build is platform dependent!
2015-02-11 23:23:08,522 [Worker-35] INFO  o.e.m.c.i.embedder.EclipseLogger - skip non existing resourceDirectory C:\Users\Sabid\Documents\GitHub\Restaurant\KitchenApp\src\main\resources
2015-02-11 23:23:08,524 [Worker-35] WARN  o.e.m.c.i.embedder.EclipseLogger - Using platform encoding (Cp1252 actually) to copy filtered resources, i.e. build is platform dependent!
2015-02-11 23:23:08,525 [Worker-35] INFO  o.e.m.c.i.embedder.EclipseLogger - skip non existing resourceDirectory C:\Users\Sabid\Documents\GitHub\Restaurant\KitchenApp\src\test\resources
2015-02-11 23:25:36,025 [Worker-39] WARN  o.e.m.c.i.embedder.EclipseLogger - Using platform encoding (Cp1252 actually) to copy filtered resources, i.e. build is platform dependent!
2015-02-11 23:25:36,026 [Worker-39] INFO  o.e.m.c.i.embedder.EclipseLogger - skip non existing resourceDirectory C:\Users\Sabid\Documents\GitHub\Restaurant\KitchenApp\src\main\resources
2015-02-11 23:25:36,034 [Worker-39] WARN  o.e.m.c.i.embedder.EclipseLogger - Using platform encoding (Cp1252 actually) to copy filtered resources, i.e. build is platform dependent!
2015-02-11 23:25:36,036 [Worker-39] INFO  o.e.m.c.i.embedder.EclipseLogger - skip non existing resourceDirectory C:\Users\Sabid\Documents\GitHub\Restaurant\KitchenApp\src\test\resources
2015-02-11 23:25:43,234 [Worker-27] WARN  o.e.m.c.i.embedder.EclipseLogger - Using platform encoding (Cp1252 actually) to copy filtered resources, i.e. build is platform dependent!
2015-02-11 23:25:43,234 [Worker-27] INFO  o.e.m.c.i.embedder.EclipseLogger - skip non existing resourceDirectory C:\Users\Sabid\Documents\GitHub\Restaurant\KitchenApp\src\main\resources
2015-02-11 23:25:43,239 [Worker-27] WARN  o.e.m.c.i.embedder.EclipseLogger - Using platform encoding (Cp1252 actually) to copy filtered resources, i.e. build is platform dependent!
2015-02-11 23:25:43,239 [Worker-27] INFO  o.e.m.c.i.embedder.EclipseLogger - skip non existing resourceDirectory C:\Users\Sabid\Documents\GitHub\Restaurant\KitchenApp\src\test\resources
2015-02-11 23:27:48,356 [Worker-38] WARN  o.e.m.c.i.embedder.EclipseLogger - Using platform encoding (Cp1252 actually) to copy filtered resources, i.e. build is platform dependent!
2015-02-11 23:27:48,356 [Worker-38] INFO  o.e.m.c.i.embedder.EclipseLogger - skip non existing resourceDirectory C:\Users\Sabid\Documents\GitHub\Restaurant\KitchenApp\src\main\resources
2015-02-11 23:27:48,358 [Worker-38] WARN  o.e.m.c.i.embedder.EclipseLogger - Using platform encoding (Cp1252 actually) to copy filtered resources, i.e. build is platform dependent!
2015-02-11 23:27:48,359 [Worker-38] INFO  o.e.m.c.i.embedder.EclipseLogger - skip non existing resourceDirectory C:\Users\Sabid\Documents\GitHub\Restaurant\KitchenApp\src\test\resources
2015-02-11 23:29:03,549 [Worker-39] WARN  o.e.m.c.i.embedder.EclipseLogger - Using platform encoding (Cp1252 actually) to copy filtered resources, i.e. build is platform dependent!
2015-02-11 23:29:03,550 [Worker-39] INFO  o.e.m.c.i.embedder.EclipseLogger - skip non existing resourceDirectory C:\Users\Sabid\Documents\GitHub\Restaurant\KitchenApp\src\main\resources
2015-02-11 23:29:03,553 [Worker-39] WARN  o.e.m.c.i.embedder.EclipseLogger - Using platform encoding (Cp1252 actually) to copy filtered resources, i.e. build is platform dependent!
2015-02-11 23:29:03,554 [Worker-39] INFO  o.e.m.c.i.embedder.EclipseLogger - skip non existing resourceDirectory C:\Users\Sabid\Documents\GitHub\Restaurant\KitchenApp\src\test\resources
2015-02-11 23:33:40,778 [Worker-22] WARN  o.e.m.c.i.embedder.EclipseLogger - Using platform encoding (Cp1252 actually) to copy filtered resources, i.e. build is platform dependent!
2015-02-11 23:33:40,779 [Worker-22] INFO  o.e.m.c.i.embedder.EclipseLogger - skip non existing resourceDirectory C:\Users\Sabid\Documents\GitHub\Restaurant\KitchenApp\src\main\resources
2015-02-11 23:33:40,782 [Worker-22] WARN  o.e.m.c.i.embedder.EclipseLogger - Using platform encoding (Cp1252 actually) to copy filtered resources, i.e. build is platform dependent!
2015-02-11 23:33:40,783 [Worker-22] INFO  o.e.m.c.i.embedder.EclipseLogger - skip non existing resourceDirectory C:\Users\Sabid\Documents\GitHub\Restaurant\KitchenApp\src\test\resources
2015-02-11 23:42:38,289 [Worker-36] WARN  o.e.m.c.i.embedder.EclipseLogger - Using platform encoding (Cp1252 actually) to copy filtered resources, i.e. build is platform dependent!
2015-02-11 23:42:38,290 [Worker-36] INFO  o.e.m.c.i.embedder.EclipseLogger - skip non existing resourceDirectory C:\Users\Sabid\Documents\GitHub\Restaurant\KitchenApp\src\main\resources
2015-02-11 23:42:38,293 [Worker-36] WARN  o.e.m.c.i.embedder.EclipseLogger - Using platform encoding (Cp1252 actually) to copy filtered resources, i.e. build is platform dependent!
2015-02-11 23:42:38,294 [Worker-36] INFO  o.e.m.c.i.embedder.EclipseLogger - skip non existing resourceDirectory C:\Users\Sabid\Documents\GitHub\Restaurant\KitchenApp\src\test\resources
2015-02-11 23:44:54,116 [Worker-43] WARN  o.e.m.c.i.embedder.EclipseLogger - Using platform encoding (Cp1252 actually) to copy filtered resources, i.e. build is platform dependent!
2015-02-11 23:44:54,117 [Worker-43] INFO  o.e.m.c.i.embedder.EclipseLogger - skip non existing resourceDirectory C:\Users\Sabid\Documents\GitHub\Restaurant\KitchenApp\src\main\resources
2015-02-11 23:44:54,120 [Worker-43] WARN  o.e.m.c.i.embedder.EclipseLogger - Using platform encoding (Cp1252 actually) to copy filtered resources, i.e. build is platform dependent!
2015-02-11 23:44:54,121 [Worker-43] INFO  o.e.m.c.i.embedder.EclipseLogger - skip non existing resourceDirectory C:\Users\Sabid\Documents\GitHub\Restaurant\KitchenApp\src\test\resources
2015-02-11 23:45:03,474 [Worker-33] WARN  o.e.m.c.i.embedder.EclipseLogger - Using platform encoding (Cp1252 actually) to copy filtered resources, i.e. build is platform dependent!
2015-02-11 23:45:03,476 [Worker-33] INFO  o.e.m.c.i.embedder.EclipseLogger - skip non existing resourceDirectory C:\Users\Sabid\Documents\GitHub\Restaurant\KitchenApp\src\main\resources
2015-02-11 23:45:03,479 [Worker-33] WARN  o.e.m.c.i.embedder.EclipseLogger - Using platform encoding (Cp1252 actually) to copy filtered resources, i.e. build is platform dependent!
2015-02-11 23:45:03,481 [Worker-33] INFO  o.e.m.c.i.embedder.EclipseLogger - skip non existing resourceDirectory C:\Users\Sabid\Documents\GitHub\Restaurant\KitchenApp\src\test\resources
2015-02-11 23:47:28,468 [Worker-33] WARN  o.e.m.c.i.embedder.EclipseLogger - Using platform encoding (Cp1252 actually) to copy filtered resources, i.e. build is platform dependent!
2015-02-11 23:47:28,469 [Worker-33] INFO  o.e.m.c.i.embedder.EclipseLogger - skip non existing resourceDirectory C:\Users\Sabid\Documents\GitHub\Restaurant\KitchenApp\src\main\resources
2015-02-11 23:47:28,473 [Worker-33] WARN  o.e.m.c.i.embedder.EclipseLogger - Using platform encoding (Cp1252 actually) to copy filtered resources, i.e. build is platform dependent!
2015-02-11 23:47:28,474 [Worker-33] INFO  o.e.m.c.i.embedder.EclipseLogger - skip non existing resourceDirectory C:\Users\Sabid\Documents\GitHub\Restaurant\KitchenApp\src\test\resources
2015-02-11 23:49:59,446 [Worker-27] WARN  o.e.m.c.i.embedder.EclipseLogger - Using platform encoding (Cp1252 actually) to copy filtered resources, i.e. build is platform dependent!
2015-02-11 23:49:59,447 [Worker-27] INFO  o.e.m.c.i.embedder.EclipseLogger - skip non existing resourceDirectory C:\Users\Sabid\Documents\GitHub\Restaurant\KitchenApp\src\main\resources
2015-02-11 23:49:59,449 [Worker-27] WARN  o.e.m.c.i.embedder.EclipseLogger - Using platform encoding (Cp1252 actually) to copy filtered resources, i.e. build is platform dependent!
2015-02-11 23:49:59,449 [Worker-27] INFO  o.e.m.c.i.embedder.EclipseLogger - skip non existing resourceDirectory C:\Users\Sabid\Documents\GitHub\Restaurant\KitchenApp\src\test\resources
2015-02-12 00:02:09,375 [Worker-45] WARN  o.e.m.c.i.embedder.EclipseLogger - Using platform encoding (Cp1252 actually) to copy filtered resources, i.e. build is platform dependent!
2015-02-12 00:02:09,376 [Worker-45] INFO  o.e.m.c.i.embedder.EclipseLogger - skip non existing resourceDirectory C:\Users\Sabid\Documents\GitHub\Restaurant\KitchenApp\src\main\resources
2015-02-12 00:02:09,378 [Worker-45] WARN  o.e.m.c.i.embedder.EclipseLogger - Using platform encoding (Cp1252 actually) to copy filtered resources, i.e. build is platform dependent!
2015-02-12 00:02:09,380 [Worker-45] INFO  o.e.m.c.i.embedder.EclipseLogger - skip non existing resourceDirectory C:\Users\Sabid\Documents\GitHub\Restaurant\KitchenApp\src\test\resources
2015-02-12 00:03:45,707 [Worker-38] WARN  o.e.m.c.i.embedder.EclipseLogger - Using platform encoding (Cp1252 actually) to copy filtered resources, i.e. build is platform dependent!
2015-02-12 00:03:45,708 [Worker-38] INFO  o.e.m.c.i.embedder.EclipseLogger - skip non existing resourceDirectory C:\Users\Sabid\Documents\GitHub\Restaurant\KitchenApp\src\main\resources
2015-02-12 00:03:45,711 [Worker-38] WARN  o.e.m.c.i.embedder.EclipseLogger - Using platform encoding (Cp1252 actually) to copy filtered resources, i.e. build is platform dependent!
2015-02-12 00:03:45,711 [Worker-38] INFO  o.e.m.c.i.embedder.EclipseLogger - skip non existing resourceDirectory C:\Users\Sabid\Documents\GitHub\Restaurant\KitchenApp\src\test\resources
2015-02-12 00:03:52,001 [Worker-22] WARN  o.e.m.c.i.embedder.EclipseLogger - Using platform encoding (Cp1252 actually) to copy filtered resources, i.e. build is platform dependent!
2015-02-12 00:03:52,002 [Worker-22] INFO  o.e.m.c.i.embedder.EclipseLogger - skip non existing resourceDirectory C:\Users\Sabid\Documents\GitHub\Restaurant\KitchenApp\src\main\resources
2015-02-12 00:03:52,004 [Worker-22] WARN  o.e.m.c.i.embedder.EclipseLogger - Using platform encoding (Cp1252 actually) to copy filtered resources, i.e. build is platform dependent!
2015-02-12 00:03:52,005 [Worker-22] INFO  o.e.m.c.i.embedder.EclipseLogger - skip non existing resourceDirectory C:\Users\Sabid\Documents\GitHub\Restaurant\KitchenApp\src\test\resources
2015-02-12 00:07:09,989 [Worker-27] WARN  o.e.m.c.i.embedder.EclipseLogger - Using platform encoding (Cp1252 actually) to copy filtered resources, i.e. build is platform dependent!
2015-02-12 00:07:09,992 [Worker-27] INFO  o.e.m.c.i.embedder.EclipseLogger - skip non existing resourceDirectory C:\Users\Sabid\Documents\GitHub\Restaurant\KitchenApp\src\main\resources
2015-02-12 00:07:09,994 [Worker-27] WARN  o.e.m.c.i.embedder.EclipseLogger - Using platform encoding (Cp1252 actually) to copy filtered resources, i.e. build is platform dependent!
2015-02-12 00:07:09,994 [Worker-27] INFO  o.e.m.c.i.embedder.EclipseLogger - skip non existing resourceDirectory C:\Users\Sabid\Documents\GitHub\Restaurant\KitchenApp\src\test\resources
2015-02-12 00:10:04,841 [Worker-36] WARN  o.e.m.c.i.embedder.EclipseLogger - Using platform encoding (Cp1252 actually) to copy filtered resources, i.e. build is platform dependent!
2015-02-12 00:10:04,842 [Worker-36] INFO  o.e.m.c.i.embedder.EclipseLogger - skip non existing resourceDirectory C:\Users\Sabid\Documents\GitHub\Restaurant\KitchenApp\src\main\resources
2015-02-12 00:10:04,846 [Worker-36] WARN  o.e.m.c.i.embedder.EclipseLogger - Using platform encoding (Cp1252 actually) to copy filtered resources, i.e. build is platform dependent!
2015-02-12 00:10:04,847 [Worker-36] INFO  o.e.m.c.i.embedder.EclipseLogger - skip non existing resourceDirectory C:\Users\Sabid\Documents\GitHub\Restaurant\KitchenApp\src\test\resources
2015-02-12 00:12:14,834 [Worker-36] WARN  o.e.m.c.i.embedder.EclipseLogger - Using platform encoding (Cp1252 actually) to copy filtered resources, i.e. build is platform dependent!
2015-02-12 00:12:14,835 [Worker-36] INFO  o.e.m.c.i.embedder.EclipseLogger - skip non existing resourceDirectory C:\Users\Sabid\Documents\GitHub\Restaurant\KitchenApp\src\main\resources
2015-02-12 00:12:14,837 [Worker-36] WARN  o.e.m.c.i.embedder.EclipseLogger - Using platform encoding (Cp1252 actually) to copy filtered resources, i.e. build is platform dependent!
2015-02-12 00:12:14,838 [Worker-36] INFO  o.e.m.c.i.embedder.EclipseLogger - skip non existing resourceDirectory C:\Users\Sabid\Documents\GitHub\Restaurant\KitchenApp\src\test\resources
2015-02-12 00:12:19,375 [Worker-27] WARN  o.e.m.c.i.embedder.EclipseLogger - Using platform encoding (Cp1252 actually) to copy filtered resources, i.e. build is platform dependent!
2015-02-12 00:12:19,382 [Worker-27] INFO  o.e.m.c.i.embedder.EclipseLogger - skip non existing resourceDirectory C:\Users\Sabid\Documents\GitHub\Restaurant\KitchenApp\src\main\resources
2015-02-12 00:12:19,385 [Worker-27] WARN  o.e.m.c.i.embedder.EclipseLogger - Using platform encoding (Cp1252 actually) to copy filtered resources, i.e. build is platform dependent!
2015-02-12 00:12:19,385 [Worker-27] INFO  o.e.m.c.i.embedder.EclipseLogger - skip non existing resourceDirectory C:\Users\Sabid\Documents\GitHub\Restaurant\KitchenApp\src\test\resources
2015-02-12 00:19:08,335 [Worker-49] WARN  o.e.m.c.i.embedder.EclipseLogger - Using platform encoding (Cp1252 actually) to copy filtered resources, i.e. build is platform dependent!
2015-02-12 00:19:08,337 [Worker-49] INFO  o.e.m.c.i.embedder.EclipseLogger - skip non existing resourceDirectory C:\Users\Sabid\Documents\GitHub\Restaurant\KitchenApp\src\main\resources
2015-02-12 00:19:08,339 [Worker-49] WARN  o.e.m.c.i.embedder.EclipseLogger - Using platform encoding (Cp1252 actually) to copy filtered resources, i.e. build is platform dependent!
2015-02-12 00:19:08,340 [Worker-49] INFO  o.e.m.c.i.embedder.EclipseLogger - skip non existing resourceDirectory C:\Users\Sabid\Documents\GitHub\Restaurant\KitchenApp\src\test\resources
2015-02-12 00:19:28,025 [Worker-27] WARN  o.e.m.c.i.embedder.EclipseLogger - Using platform encoding (Cp1252 actually) to copy filtered resources, i.e. build is platform dependent!
2015-02-12 00:19:28,026 [Worker-27] INFO  o.e.m.c.i.embedder.EclipseLogger - skip non existing resourceDirectory C:\Users\Sabid\Documents\GitHub\Restaurant\KitchenApp\src\main\resources
2015-02-12 00:19:28,031 [Worker-27] WARN  o.e.m.c.i.embedder.EclipseLogger - Using platform encoding (Cp1252 actually) to copy filtered resources, i.e. build is platform dependent!
2015-02-12 00:19:28,032 [Worker-27] INFO  o.e.m.c.i.embedder.EclipseLogger - skip non existing resourceDirectory C:\Users\Sabid\Documents\GitHub\Restaurant\KitchenApp\src\test\resources
2015-02-12 00:20:38,374 [Worker-36] WARN  o.e.m.c.i.embedder.EclipseLogger - Using platform encoding (Cp1252 actually) to copy filtered resources, i.e. build is platform dependent!
2015-02-12 00:20:38,375 [Worker-36] INFO  o.e.m.c.i.embedder.EclipseLogger - skip non existing resourceDirectory C:\Users\Sabid\Documents\GitHub\Restaurant\KitchenApp\src\main\resources
2015-02-12 00:20:38,377 [Worker-36] WARN  o.e.m.c.i.embedder.EclipseLogger - Using platform encoding (Cp1252 actually) to copy filtered resources, i.e. build is platform dependent!
2015-02-12 00:20:38,378 [Worker-36] INFO  o.e.m.c.i.embedder.EclipseLogger - skip non existing resourceDirectory C:\Users\Sabid\Documents\GitHub\Restaurant\KitchenApp\src\test\resources
2015-02-12 00:21:39,515 [Worker-47] WARN  o.e.m.c.i.embedder.EclipseLogger - Using platform encoding (Cp1252 actually) to copy filtered resources, i.e. build is platform dependent!
2015-02-12 00:21:39,516 [Worker-47] INFO  o.e.m.c.i.embedder.EclipseLogger - skip non existing resourceDirectory C:\Users\Sabid\Documents\GitHub\Restaurant\KitchenApp\src\main\resources
2015-02-12 00:21:39,518 [Worker-47] WARN  o.e.m.c.i.embedder.EclipseLogger - Using platform encoding (Cp1252 actually) to copy filtered resources, i.e. build is platform dependent!
2015-02-12 00:21:39,518 [Worker-47] INFO  o.e.m.c.i.embedder.EclipseLogger - skip non existing resourceDirectory C:\Users\Sabid\Documents\GitHub\Restaurant\KitchenApp\src\test\resources
2015-02-12 00:22:49,440 [Worker-51] WARN  o.e.m.c.i.embedder.EclipseLogger - Using platform encoding (Cp1252 actually) to copy filtered resources, i.e. build is platform dependent!
2015-02-12 00:22:49,441 [Worker-51] INFO  o.e.m.c.i.embedder.EclipseLogger - skip non existing resourceDirectory C:\Users\Sabid\Documents\GitHub\Restaurant\KitchenApp\src\main\resources
2015-02-12 00:22:49,444 [Worker-51] WARN  o.e.m.c.i.embedder.EclipseLogger - Using platform encoding (Cp1252 actually) to copy filtered resources, i.e. build is platform dependent!
2015-02-12 00:22:49,445 [Worker-51] INFO  o.e.m.c.i.embedder.EclipseLogger - skip non existing resourceDirectory C:\Users\Sabid\Documents\GitHub\Restaurant\KitchenApp\src\test\resources
2015-02-12 00:25:08,634 [Worker-49] WARN  o.e.m.c.i.embedder.EclipseLogger - Using platform encoding (Cp1252 actually) to copy filtered resources, i.e. build is platform dependent!
2015-02-12 00:25:08,635 [Worker-49] INFO  o.e.m.c.i.embedder.EclipseLogger - skip non existing resourceDirectory C:\Users\Sabid\Documents\GitHub\Restaurant\KitchenApp\src\main\resources
2015-02-12 00:25:08,639 [Worker-49] WARN  o.e.m.c.i.embedder.EclipseLogger - Using platform encoding (Cp1252 actually) to copy filtered resources, i.e. build is platform dependent!
2015-02-12 00:25:08,641 [Worker-49] INFO  o.e.m.c.i.embedder.EclipseLogger - skip non existing resourceDirectory C:\Users\Sabid\Documents\GitHub\Restaurant\KitchenApp\src\test\resources
2015-02-12 00:52:34,966 [Worker-36] WARN  o.e.m.c.i.embedder.EclipseLogger - Using platform encoding (Cp1252 actually) to copy filtered resources, i.e. build is platform dependent!
2015-02-12 00:52:34,967 [Worker-36] INFO  o.e.m.c.i.embedder.EclipseLogger - skip non existing resourceDirectory C:\Users\Sabid\Documents\GitHub\Restaurant\KitchenApp\src\main\resources
2015-02-12 00:52:34,970 [Worker-36] WARN  o.e.m.c.i.embedder.EclipseLogger - Using platform encoding (Cp1252 actually) to copy filtered resources, i.e. build is platform dependent!
2015-02-12 00:52:34,971 [Worker-36] INFO  o.e.m.c.i.embedder.EclipseLogger - skip non existing resourceDirectory C:\Users\Sabid\Documents\GitHub\Restaurant\KitchenApp\src\test\resources
2015-02-12 00:55:06,756 [Worker-47] WARN  o.e.m.c.i.embedder.EclipseLogger - Using platform encoding (Cp1252 actually) to copy filtered resources, i.e. build is platform dependent!
2015-02-12 00:55:06,756 [Worker-47] INFO  o.e.m.c.i.embedder.EclipseLogger - skip non existing resourceDirectory C:\Users\Sabid\Documents\GitHub\Restaurant\KitchenApp\src\main\resources
2015-02-12 00:55:06,759 [Worker-47] WARN  o.e.m.c.i.embedder.EclipseLogger - Using platform encoding (Cp1252 actually) to copy filtered resources, i.e. build is platform dependent!
2015-02-12 00:55:06,760 [Worker-47] INFO  o.e.m.c.i.embedder.EclipseLogger - skip non existing resourceDirectory C:\Users\Sabid\Documents\GitHub\Restaurant\KitchenApp\src\test\resources
2015-02-12 00:55:11,322 [Worker-56] WARN  o.e.m.c.i.embedder.EclipseLogger - Using platform encoding (Cp1252 actually) to copy filtered resources, i.e. build is platform dependent!
2015-02-12 00:55:11,323 [Worker-56] INFO  o.e.m.c.i.embedder.EclipseLogger - skip non existing resourceDirectory C:\Users\Sabid\Documents\GitHub\Restaurant\KitchenApp\src\main\resources
2015-02-12 00:55:11,325 [Worker-56] WARN  o.e.m.c.i.embedder.EclipseLogger - Using platform encoding (Cp1252 actually) to copy filtered resources, i.e. build is platform dependent!
2015-02-12 00:55:11,326 [Worker-56] INFO  o.e.m.c.i.embedder.EclipseLogger - skip non existing resourceDirectory C:\Users\Sabid\Documents\GitHub\Restaurant\KitchenApp\src\test\resources
2015-02-12 00:55:49,207 [Worker-52] WARN  o.e.m.c.i.embedder.EclipseLogger - Using platform encoding (Cp1252 actually) to copy filtered resources, i.e. build is platform dependent!
2015-02-12 00:55:49,208 [Worker-52] INFO  o.e.m.c.i.embedder.EclipseLogger - skip non existing resourceDirectory C:\Users\Sabid\Documents\GitHub\Restaurant\KitchenApp\src\main\resources
2015-02-12 00:55:49,209 [Worker-52] WARN  o.e.m.c.i.embedder.EclipseLogger - Using platform encoding (Cp1252 actually) to copy filtered resources, i.e. build is platform dependent!
2015-02-12 00:55:49,212 [Worker-52] INFO  o.e.m.c.i.embedder.EclipseLogger - skip non existing resourceDirectory C:\Users\Sabid\Documents\GitHub\Restaurant\KitchenApp\src\test\resources
2015-02-12 00:57:15,511 [Worker-52] WARN  o.e.m.c.i.embedder.EclipseLogger - Using platform encoding (Cp1252 actually) to copy filtered resources, i.e. build is platform dependent!
2015-02-12 00:57:15,512 [Worker-52] INFO  o.e.m.c.i.embedder.EclipseLogger - skip non existing resourceDirectory C:\Users\Sabid\Documents\GitHub\Restaurant\KitchenApp\src\main\resources
2015-02-12 00:57:15,515 [Worker-52] WARN  o.e.m.c.i.embedder.EclipseLogger - Using platform encoding (Cp1252 actually) to copy filtered resources, i.e. build is platform dependent!
2015-02-12 00:57:15,516 [Worker-52] INFO  o.e.m.c.i.embedder.EclipseLogger - skip non existing resourceDirectory C:\Users\Sabid\Documents\GitHub\Restaurant\KitchenApp\src\test\resources
2015-02-12 01:01:24,451 [Worker-58] WARN  o.e.m.c.i.embedder.EclipseLogger - Using platform encoding (Cp1252 actually) to copy filtered resources, i.e. build is platform dependent!
2015-02-12 01:01:24,452 [Worker-58] INFO  o.e.m.c.i.embedder.EclipseLogger - skip non existing resourceDirectory C:\Users\Sabid\Documents\GitHub\Restaurant\KitchenApp\src\main\resources
2015-02-12 01:01:24,455 [Worker-58] WARN  o.e.m.c.i.embedder.EclipseLogger - Using platform encoding (Cp1252 actually) to copy filtered resources, i.e. build is platform dependent!
2015-02-12 01:01:24,456 [Worker-58] INFO  o.e.m.c.i.embedder.EclipseLogger - skip non existing resourceDirectory C:\Users\Sabid\Documents\GitHub\Restaurant\KitchenApp\src\test\resources
2015-02-12 01:02:21,263 [Worker-58] WARN  o.e.m.c.i.embedder.EclipseLogger - Using platform encoding (Cp1252 actually) to copy filtered resources, i.e. build is platform dependent!
2015-02-12 01:02:21,264 [Worker-58] INFO  o.e.m.c.i.embedder.EclipseLogger - skip non existing resourceDirectory C:\Users\Sabid\Documents\GitHub\Restaurant\KitchenApp\src\main\resources
2015-02-12 01:02:21,266 [Worker-58] WARN  o.e.m.c.i.embedder.EclipseLogger - Using platform encoding (Cp1252 actually) to copy filtered resources, i.e. build is platform dependent!
2015-02-12 01:02:21,267 [Worker-58] INFO  o.e.m.c.i.embedder.EclipseLogger - skip non existing resourceDirectory C:\Users\Sabid\Documents\GitHub\Restaurant\KitchenApp\src\test\resources
2015-02-12 01:02:49,789 [Worker-47] WARN  o.e.m.c.i.embedder.EclipseLogger - Using platform encoding (Cp1252 actually) to copy filtered resources, i.e. build is platform dependent!
2015-02-12 01:02:49,790 [Worker-47] INFO  o.e.m.c.i.embedder.EclipseLogger - skip non existing resourceDirectory C:\Users\Sabid\Documents\GitHub\Restaurant\KitchenApp\src\main\resources
2015-02-12 01:02:49,792 [Worker-47] WARN  o.e.m.c.i.embedder.EclipseLogger - Using platform encoding (Cp1252 actually) to copy filtered resources, i.e. build is platform dependent!
2015-02-12 01:02:49,793 [Worker-47] INFO  o.e.m.c.i.embedder.EclipseLogger - skip non existing resourceDirectory C:\Users\Sabid\Documents\GitHub\Restaurant\KitchenApp\src\test\resources
2015-02-12 01:03:02,375 [Worker-36] WARN  o.e.m.c.i.embedder.EclipseLogger - Using platform encoding (Cp1252 actually) to copy filtered resources, i.e. build is platform dependent!
2015-02-12 01:03:02,378 [Worker-36] INFO  o.e.m.c.i.embedder.EclipseLogger - skip non existing resourceDirectory C:\Users\Sabid\Documents\GitHub\Restaurant\KitchenApp\src\main\resources
2015-02-12 01:03:02,381 [Worker-36] WARN  o.e.m.c.i.embedder.EclipseLogger - Using platform encoding (Cp1252 actually) to copy filtered resources, i.e. build is platform dependent!
2015-02-12 01:03:02,382 [Worker-36] INFO  o.e.m.c.i.embedder.EclipseLogger - skip non existing resourceDirectory C:\Users\Sabid\Documents\GitHub\Restaurant\KitchenApp\src\test\resources
2015-02-12 01:03:30,935 [Worker-54] WARN  o.e.m.c.i.embedder.EclipseLogger - Using platform encoding (Cp1252 actually) to copy filtered resources, i.e. build is platform dependent!
2015-02-12 01:03:30,936 [Worker-54] INFO  o.e.m.c.i.embedder.EclipseLogger - skip non existing resourceDirectory C:\Users\Sabid\Documents\GitHub\Restaurant\KitchenApp\src\main\resources
2015-02-12 01:03:30,941 [Worker-54] WARN  o.e.m.c.i.embedder.EclipseLogger - Using platform encoding (Cp1252 actually) to copy filtered resources, i.e. build is platform dependent!
2015-02-12 01:03:30,942 [Worker-54] INFO  o.e.m.c.i.embedder.EclipseLogger - skip non existing resourceDirectory C:\Users\Sabid\Documents\GitHub\Restaurant\KitchenApp\src\test\resources
2015-02-12 01:05:11,221 [Worker-59] WARN  o.e.m.c.i.embedder.EclipseLogger - Using platform encoding (Cp1252 actually) to copy filtered resources, i.e. build is platform dependent!
2015-02-12 01:05:11,222 [Worker-59] INFO  o.e.m.c.i.embedder.EclipseLogger - skip non existing resourceDirectory C:\Users\Sabid\Documents\GitHub\Restaurant\KitchenApp\src\main\resources
2015-02-12 01:05:11,224 [Worker-59] WARN  o.e.m.c.i.embedder.EclipseLogger - Using platform encoding (Cp1252 actually) to copy filtered resources, i.e. build is platform dependent!
2015-02-12 01:05:11,225 [Worker-59] INFO  o.e.m.c.i.embedder.EclipseLogger - skip non existing resourceDirectory C:\Users\Sabid\Documents\GitHub\Restaurant\KitchenApp\src\test\resources
2015-02-12 01:05:50,582 [Worker-52] WARN  o.e.m.c.i.embedder.EclipseLogger - Using platform encoding (Cp1252 actually) to copy filtered resources, i.e. build is platform dependent!
2015-02-12 01:05:50,583 [Worker-52] INFO  o.e.m.c.i.embedder.EclipseLogger - skip non existing resourceDirectory C:\Users\Sabid\Documents\GitHub\Restaurant\KitchenApp\src\main\resources
2015-02-12 01:05:50,586 [Worker-52] WARN  o.e.m.c.i.embedder.EclipseLogger - Using platform encoding (Cp1252 actually) to copy filtered resources, i.e. build is platform dependent!
2015-02-12 01:05:50,587 [Worker-52] INFO  o.e.m.c.i.embedder.EclipseLogger - skip non existing resourceDirectory C:\Users\Sabid\Documents\GitHub\Restaurant\KitchenApp\src\test\resources
2015-02-12 01:06:01,946 [Worker-58] WARN  o.e.m.c.i.embedder.EclipseLogger - Using platform encoding (Cp1252 actually) to copy filtered resources, i.e. build is platform dependent!
2015-02-12 01:06:01,947 [Worker-58] INFO  o.e.m.c.i.embedder.EclipseLogger - skip non existing resourceDirectory C:\Users\Sabid\Documents\GitHub\Restaurant\KitchenApp\src\main\resources
2015-02-12 01:06:01,950 [Worker-58] WARN  o.e.m.c.i.embedder.EclipseLogger - Using platform encoding (Cp1252 actually) to copy filtered resources, i.e. build is platform dependent!
2015-02-12 01:06:01,951 [Worker-58] INFO  o.e.m.c.i.embedder.EclipseLogger - skip non existing resourceDirectory C:\Users\Sabid\Documents\GitHub\Restaurant\KitchenApp\src\test\resources
2015-02-12 01:07:01,621 [Worker-55] WARN  o.e.m.c.i.embedder.EclipseLogger - Using platform encoding (Cp1252 actually) to copy filtered resources, i.e. build is platform dependent!
2015-02-12 01:07:01,621 [Worker-55] INFO  o.e.m.c.i.embedder.EclipseLogger - skip non existing resourceDirectory C:\Users\Sabid\Documents\GitHub\Restaurant\KitchenApp\src\main\resources
2015-02-12 01:07:01,623 [Worker-55] WARN  o.e.m.c.i.embedder.EclipseLogger - Using platform encoding (Cp1252 actually) to copy filtered resources, i.e. build is platform dependent!
2015-02-12 01:07:01,624 [Worker-55] INFO  o.e.m.c.i.embedder.EclipseLogger - skip non existing resourceDirectory C:\Users\Sabid\Documents\GitHub\Restaurant\KitchenApp\src\test\resources
2015-02-12 10:47:23,183 [Worker-68] WARN  o.e.m.c.i.embedder.EclipseLogger - Using platform encoding (Cp1252 actually) to copy filtered resources, i.e. build is platform dependent!
2015-02-12 10:47:23,185 [Worker-68] INFO  o.e.m.c.i.embedder.EclipseLogger - skip non existing resourceDirectory C:\Users\Sabid\Documents\GitHub\Restaurant\KitchenApp\src\main\resources
2015-02-12 10:47:23,188 [Worker-68] WARN  o.e.m.c.i.embedder.EclipseLogger - Using platform encoding (Cp1252 actually) to copy filtered resources, i.e. build is platform dependent!
2015-02-12 10:47:23,189 [Worker-68] INFO  o.e.m.c.i.embedder.EclipseLogger - skip non existing resourceDirectory C:\Users\Sabid\Documents\GitHub\Restaurant\KitchenApp\src\test\resources
2015-02-12 10:48:17,225 [Worker-68] WARN  o.e.m.c.i.embedder.EclipseLogger - Using platform encoding (Cp1252 actually) to copy filtered resources, i.e. build is platform dependent!
2015-02-12 10:48:17,226 [Worker-68] INFO  o.e.m.c.i.embedder.EclipseLogger - skip non existing resourceDirectory C:\Users\Sabid\Documents\GitHub\Restaurant\KitchenApp\src\main\resources
2015-02-12 10:48:17,228 [Worker-68] WARN  o.e.m.c.i.embedder.EclipseLogger - Using platform encoding (Cp1252 actually) to copy filtered resources, i.e. build is platform dependent!
2015-02-12 10:48:17,229 [Worker-68] INFO  o.e.m.c.i.embedder.EclipseLogger - skip non existing resourceDirectory C:\Users\Sabid\Documents\GitHub\Restaurant\KitchenApp\src\test\resources
2015-02-12 10:49:59,990 [Worker-74] WARN  o.e.m.c.i.embedder.EclipseLogger - Using platform encoding (Cp1252 actually) to copy filtered resources, i.e. build is platform dependent!
2015-02-12 10:49:59,991 [Worker-74] INFO  o.e.m.c.i.embedder.EclipseLogger - skip non existing resourceDirectory C:\Users\Sabid\Documents\GitHub\Restaurant\KitchenApp\src\main\resources
2015-02-12 10:49:59,993 [Worker-74] WARN  o.e.m.c.i.embedder.EclipseLogger - Using platform encoding (Cp1252 actually) to copy filtered resources, i.e. build is platform dependent!
2015-02-12 10:49:59,994 [Worker-74] INFO  o.e.m.c.i.embedder.EclipseLogger - skip non existing resourceDirectory C:\Users\Sabid\Documents\GitHub\Restaurant\KitchenApp\src\test\resources
2015-02-12 10:50:14,115 [Worker-76] WARN  o.e.m.c.i.embedder.EclipseLogger - Using platform encoding (Cp1252 actually) to copy filtered resources, i.e. build is platform dependent!
2015-02-12 10:50:14,116 [Worker-76] INFO  o.e.m.c.i.embedder.EclipseLogger - skip non existing resourceDirectory C:\Users\Sabid\Documents\GitHub\Restaurant\KitchenApp\src\main\resources
2015-02-12 10:50:14,120 [Worker-76] WARN  o.e.m.c.i.embedder.EclipseLogger - Using platform encoding (Cp1252 actually) to copy filtered resources, i.e. build is platform dependent!
2015-02-12 10:50:14,121 [Worker-76] INFO  o.e.m.c.i.embedder.EclipseLogger - skip non existing resourceDirectory C:\Users\Sabid\Documents\GitHub\Restaurant\KitchenApp\src\test\resources
2015-02-12 10:51:42,580 [Worker-77] WARN  o.e.m.c.i.embedder.EclipseLogger - Using platform encoding (Cp1252 actually) to copy filtered resources, i.e. build is platform dependent!
2015-02-12 10:51:42,582 [Worker-77] INFO  o.e.m.c.i.embedder.EclipseLogger - skip non existing resourceDirectory C:\Users\Sabid\Documents\GitHub\Restaurant\KitchenApp\src\main\resources
2015-02-12 10:51:42,584 [Worker-77] WARN  o.e.m.c.i.embedder.EclipseLogger - Using platform encoding (Cp1252 actually) to copy filtered resources, i.e. build is platform dependent!
2015-02-12 10:51:42,585 [Worker-77] INFO  o.e.m.c.i.embedder.EclipseLogger - skip non existing resourceDirectory C:\Users\Sabid\Documents\GitHub\Restaurant\KitchenApp\src\test\resources
2015-02-12 10:51:56,050 [Worker-76] WARN  o.e.m.c.i.embedder.EclipseLogger - Using platform encoding (Cp1252 actually) to copy filtered resources, i.e. build is platform dependent!
2015-02-12 10:51:56,051 [Worker-76] INFO  o.e.m.c.i.embedder.EclipseLogger - skip non existing resourceDirectory C:\Users\Sabid\Documents\GitHub\Restaurant\KitchenApp\src\main\resources
2015-02-12 10:51:56,054 [Worker-76] WARN  o.e.m.c.i.embedder.EclipseLogger - Using platform encoding (Cp1252 actually) to copy filtered resources, i.e. build is platform dependent!
2015-02-12 10:51:56,055 [Worker-76] INFO  o.e.m.c.i.embedder.EclipseLogger - skip non existing resourceDirectory C:\Users\Sabid\Documents\GitHub\Restaurant\KitchenApp\src\test\resources
2015-02-12 10:54:23,657 [Worker-72] WARN  o.e.m.c.i.embedder.EclipseLogger - Using platform encoding (Cp1252 actually) to copy filtered resources, i.e. build is platform dependent!
2015-02-12 10:54:23,658 [Worker-72] INFO  o.e.m.c.i.embedder.EclipseLogger - skip non existing resourceDirectory C:\Users\Sabid\Documents\GitHub\Restaurant\KitchenApp\src\main\resources
2015-02-12 10:54:23,663 [Worker-72] WARN  o.e.m.c.i.embedder.EclipseLogger - Using platform encoding (Cp1252 actually) to copy filtered resources, i.e. build is platform dependent!
2015-02-12 10:54:23,664 [Worker-72] INFO  o.e.m.c.i.embedder.EclipseLogger - skip non existing resourceDirectory C:\Users\Sabid\Documents\GitHub\Restaurant\KitchenApp\src\test\resources
2015-02-12 10:54:32,493 [Worker-72] WARN  o.e.m.c.i.embedder.EclipseLogger - Using platform encoding (Cp1252 actually) to copy filtered resources, i.e. build is platform dependent!
2015-02-12 10:54:32,494 [Worker-72] INFO  o.e.m.c.i.embedder.EclipseLogger - skip non existing resourceDirectory C:\Users\Sabid\Documents\GitHub\Restaurant\KitchenApp\src\main\resources
2015-02-12 10:54:32,497 [Worker-72] WARN  o.e.m.c.i.embedder.EclipseLogger - Using platform encoding (Cp1252 actually) to copy filtered resources, i.e. build is platform dependent!
2015-02-12 10:54:32,498 [Worker-72] INFO  o.e.m.c.i.embedder.EclipseLogger - skip non existing resourceDirectory C:\Users\Sabid\Documents\GitHub\Restaurant\KitchenApp\src\test\resources
2015-02-12 10:56:05,054 [Worker-72] WARN  o.e.m.c.i.embedder.EclipseLogger - Using platform encoding (Cp1252 actually) to copy filtered resources, i.e. build is platform dependent!
2015-02-12 10:56:05,055 [Worker-72] INFO  o.e.m.c.i.embedder.EclipseLogger - skip non existing resourceDirectory C:\Users\Sabid\Documents\GitHub\Restaurant\KitchenApp\src\main\resources
2015-02-12 10:56:05,059 [Worker-72] WARN  o.e.m.c.i.embedder.EclipseLogger - Using platform encoding (Cp1252 actually) to copy filtered resources, i.e. build is platform dependent!
2015-02-12 10:56:05,062 [Worker-72] INFO  o.e.m.c.i.embedder.EclipseLogger - skip non existing resourceDirectory C:\Users\Sabid\Documents\GitHub\Restaurant\KitchenApp\src\test\resources
2015-02-12 10:57:02,471 [Worker-68] WARN  o.e.m.c.i.embedder.EclipseLogger - Using platform encoding (Cp1252 actually) to copy filtered resources, i.e. build is platform dependent!
2015-02-12 10:57:02,472 [Worker-68] INFO  o.e.m.c.i.embedder.EclipseLogger - skip non existing resourceDirectory C:\Users\Sabid\Documents\GitHub\Restaurant\KitchenApp\src\main\resources
2015-02-12 10:57:02,475 [Worker-68] WARN  o.e.m.c.i.embedder.EclipseLogger - Using platform encoding (Cp1252 actually) to copy filtered resources, i.e. build is platform dependent!
2015-02-12 10:57:02,477 [Worker-68] INFO  o.e.m.c.i.embedder.EclipseLogger - skip non existing resourceDirectory C:\Users\Sabid\Documents\GitHub\Restaurant\KitchenApp\src\test\resources
2015-02-12 10:59:16,449 [Worker-72] WARN  o.e.m.c.i.embedder.EclipseLogger - Using platform encoding (Cp1252 actually) to copy filtered resources, i.e. build is platform dependent!
2015-02-12 10:59:16,450 [Worker-72] INFO  o.e.m.c.i.embedder.EclipseLogger - skip non existing resourceDirectory C:\Users\Sabid\Documents\GitHub\Restaurant\KitchenApp\src\main\resources
2015-02-12 10:59:16,452 [Worker-72] WARN  o.e.m.c.i.embedder.EclipseLogger - Using platform encoding (Cp1252 actually) to copy filtered resources, i.e. build is platform dependent!
2015-02-12 10:59:16,453 [Worker-72] INFO  o.e.m.c.i.embedder.EclipseLogger - skip non existing resourceDirectory C:\Users\Sabid\Documents\GitHub\Restaurant\KitchenApp\src\test\resources
2015-02-12 11:00:23,380 [Worker-73] WARN  o.e.m.c.i.embedder.EclipseLogger - Using platform encoding (Cp1252 actually) to copy filtered resources, i.e. build is platform dependent!
2015-02-12 11:00:23,381 [Worker-73] INFO  o.e.m.c.i.embedder.EclipseLogger - skip non existing resourceDirectory C:\Users\Sabid\Documents\GitHub\Restaurant\KitchenApp\src\main\resources
2015-02-12 11:00:23,383 [Worker-73] WARN  o.e.m.c.i.embedder.EclipseLogger - Using platform encoding (Cp1252 actually) to copy filtered resources, i.e. build is platform dependent!
2015-02-12 11:00:23,384 [Worker-73] INFO  o.e.m.c.i.embedder.EclipseLogger - skip non existing resourceDirectory C:\Users\Sabid\Documents\GitHub\Restaurant\KitchenApp\src\test\resources
2015-02-12 11:01:20,105 [Worker-68] WARN  o.e.m.c.i.embedder.EclipseLogger - Using platform encoding (Cp1252 actually) to copy filtered resources, i.e. build is platform dependent!
2015-02-12 11:01:20,106 [Worker-68] INFO  o.e.m.c.i.embedder.EclipseLogger - skip non existing resourceDirectory C:\Users\Sabid\Documents\GitHub\Restaurant\KitchenApp\src\main\resources
2015-02-12 11:01:20,109 [Worker-68] WARN  o.e.m.c.i.embedder.EclipseLogger - Using platform encoding (Cp1252 actually) to copy filtered resources, i.e. build is platform dependent!
2015-02-12 11:01:20,109 [Worker-68] INFO  o.e.m.c.i.embedder.EclipseLogger - skip non existing resourceDirectory C:\Users\Sabid\Documents\GitHub\Restaurant\KitchenApp\src\test\resources
2015-02-12 11:02:37,141 [Worker-72] WARN  o.e.m.c.i.embedder.EclipseLogger - Using platform encoding (Cp1252 actually) to copy filtered resources, i.e. build is platform dependent!
2015-02-12 11:02:37,142 [Worker-72] INFO  o.e.m.c.i.embedder.EclipseLogger - skip non existing resourceDirectory C:\Users\Sabid\Documents\GitHub\Restaurant\KitchenApp\src\main\resources
2015-02-12 11:02:37,145 [Worker-72] WARN  o.e.m.c.i.embedder.EclipseLogger - Using platform encoding (Cp1252 actually) to copy filtered resources, i.e. build is platform dependent!
2015-02-12 11:02:37,146 [Worker-72] INFO  o.e.m.c.i.embedder.EclipseLogger - skip non existing resourceDirectory C:\Users\Sabid\Documents\GitHub\Restaurant\KitchenApp\src\test\resources
2015-02-12 11:02:58,806 [Worker-36] WARN  o.e.m.c.i.embedder.EclipseLogger - Using platform encoding (Cp1252 actually) to copy filtered resources, i.e. build is platform dependent!
2015-02-12 11:02:58,807 [Worker-36] INFO  o.e.m.c.i.embedder.EclipseLogger - skip non existing resourceDirectory C:\Users\Sabid\Documents\GitHub\Restaurant\KitchenApp\src\main\resources
2015-02-12 11:02:58,808 [Worker-36] WARN  o.e.m.c.i.embedder.EclipseLogger - Using platform encoding (Cp1252 actually) to copy filtered resources, i.e. build is platform dependent!
2015-02-12 11:02:58,809 [Worker-36] INFO  o.e.m.c.i.embedder.EclipseLogger - skip non existing resourceDirectory C:\Users\Sabid\Documents\GitHub\Restaurant\KitchenApp\src\test\resources
2015-02-12 11:03:45,586 [Worker-75] WARN  o.e.m.c.i.embedder.EclipseLogger - Using platform encoding (Cp1252 actually) to copy filtered resources, i.e. build is platform dependent!
2015-02-12 11:03:45,587 [Worker-75] INFO  o.e.m.c.i.embedder.EclipseLogger - skip non existing resourceDirectory C:\Users\Sabid\Documents\GitHub\Restaurant\KitchenApp\src\main\resources
2015-02-12 11:03:45,591 [Worker-75] WARN  o.e.m.c.i.embedder.EclipseLogger - Using platform encoding (Cp1252 actually) to copy filtered resources, i.e. build is platform dependent!
2015-02-12 11:03:45,591 [Worker-75] INFO  o.e.m.c.i.embedder.EclipseLogger - skip non existing resourceDirectory C:\Users\Sabid\Documents\GitHub\Restaurant\KitchenApp\src\test\resources
2015-02-12 11:04:32,480 [Worker-36] WARN  o.e.m.c.i.embedder.EclipseLogger - Using platform encoding (Cp1252 actually) to copy filtered resources, i.e. build is platform dependent!
2015-02-12 11:04:32,481 [Worker-36] INFO  o.e.m.c.i.embedder.EclipseLogger - skip non existing resourceDirectory C:\Users\Sabid\Documents\GitHub\Restaurant\KitchenApp\src\main\resources
2015-02-12 11:04:32,485 [Worker-36] WARN  o.e.m.c.i.embedder.EclipseLogger - Using platform encoding (Cp1252 actually) to copy filtered resources, i.e. build is platform dependent!
2015-02-12 11:04:32,486 [Worker-36] INFO  o.e.m.c.i.embedder.EclipseLogger - skip non existing resourceDirectory C:\Users\Sabid\Documents\GitHub\Restaurant\KitchenApp\src\test\resources
2015-02-12 11:13:06,486 [Worker-72] WARN  o.e.m.c.i.embedder.EclipseLogger - Using platform encoding (Cp1252 actually) to copy filtered resources, i.e. build is platform dependent!
2015-02-12 11:13:06,487 [Worker-72] INFO  o.e.m.c.i.embedder.EclipseLogger - skip non existing resourceDirectory C:\Users\Sabid\Documents\GitHub\Restaurant\KitchenApp\src\main\resources
2015-02-12 11:13:06,490 [Worker-72] WARN  o.e.m.c.i.embedder.EclipseLogger - Using platform encoding (Cp1252 actually) to copy filtered resources, i.e. build is platform dependent!
2015-02-12 11:13:06,492 [Worker-72] INFO  o.e.m.c.i.embedder.EclipseLogger - skip non existing resourceDirectory C:\Users\Sabid\Documents\GitHub\Restaurant\KitchenApp\src\test\resources
2015-02-12 11:13:28,972 [Worker-76] WARN  o.e.m.c.i.embedder.EclipseLogger - Using platform encoding (Cp1252 actually) to copy filtered resources, i.e. build is platform dependent!
2015-02-12 11:13:28,973 [Worker-76] INFO  o.e.m.c.i.embedder.EclipseLogger - skip non existing resourceDirectory C:\Users\Sabid\Documents\GitHub\Restaurant\KitchenApp\src\main\resources
2015-02-12 11:13:28,976 [Worker-76] WARN  o.e.m.c.i.embedder.EclipseLogger - Using platform encoding (Cp1252 actually) to copy filtered resources, i.e. build is platform dependent!
2015-02-12 11:13:28,977 [Worker-76] INFO  o.e.m.c.i.embedder.EclipseLogger - skip non existing resourceDirectory C:\Users\Sabid\Documents\GitHub\Restaurant\KitchenApp\src\test\resources
2015-02-12 11:14:39,060 [Worker-79] WARN  o.e.m.c.i.embedder.EclipseLogger - Using platform encoding (Cp1252 actually) to copy filtered resources, i.e. build is platform dependent!
2015-02-12 11:14:39,062 [Worker-79] INFO  o.e.m.c.i.embedder.EclipseLogger - skip non existing resourceDirectory C:\Users\Sabid\Documents\GitHub\Restaurant\KitchenApp\src\main\resources
2015-02-12 11:14:39,067 [Worker-79] WARN  o.e.m.c.i.embedder.EclipseLogger - Using platform encoding (Cp1252 actually) to copy filtered resources, i.e. build is platform dependent!
2015-02-12 11:14:39,068 [Worker-79] INFO  o.e.m.c.i.embedder.EclipseLogger - skip non existing resourceDirectory C:\Users\Sabid\Documents\GitHub\Restaurant\KitchenApp\src\test\resources
2015-02-12 11:16:04,134 [Worker-36] WARN  o.e.m.c.i.embedder.EclipseLogger - Using platform encoding (Cp1252 actually) to copy filtered resources, i.e. build is platform dependent!
2015-02-12 11:16:04,135 [Worker-36] INFO  o.e.m.c.i.embedder.EclipseLogger - skip non existing resourceDirectory C:\Users\Sabid\Documents\GitHub\Restaurant\KitchenApp\src\main\resources
2015-02-12 11:16:04,137 [Worker-36] WARN  o.e.m.c.i.embedder.EclipseLogger - Using platform encoding (Cp1252 actually) to copy filtered resources, i.e. build is platform dependent!
2015-02-12 11:16:04,138 [Worker-36] INFO  o.e.m.c.i.embedder.EclipseLogger - skip non existing resourceDirectory C:\Users\Sabid\Documents\GitHub\Restaurant\KitchenApp\src\test\resources
2015-02-12 11:16:42,472 [Worker-72] WARN  o.e.m.c.i.embedder.EclipseLogger - Using platform encoding (Cp1252 actually) to copy filtered resources, i.e. build is platform dependent!
2015-02-12 11:16:42,473 [Worker-72] INFO  o.e.m.c.i.embedder.EclipseLogger - skip non existing resourceDirectory C:\Users\Sabid\Documents\GitHub\Restaurant\KitchenApp\src\main\resources
2015-02-12 11:16:42,478 [Worker-72] WARN  o.e.m.c.i.embedder.EclipseLogger - Using platform encoding (Cp1252 actually) to copy filtered resources, i.e. build is platform dependent!
2015-02-12 11:16:42,480 [Worker-72] INFO  o.e.m.c.i.embedder.EclipseLogger - skip non existing resourceDirectory C:\Users\Sabid\Documents\GitHub\Restaurant\KitchenApp\src\test\resources
2015-02-12 11:17:38,349 [Worker-72] WARN  o.e.m.c.i.embedder.EclipseLogger - Using platform encoding (Cp1252 actually) to copy filtered resources, i.e. build is platform dependent!
2015-02-12 11:17:38,350 [Worker-72] INFO  o.e.m.c.i.embedder.EclipseLogger - skip non existing resourceDirectory C:\Users\Sabid\Documents\GitHub\Restaurant\KitchenApp\src\main\resources
2015-02-12 11:17:38,354 [Worker-72] WARN  o.e.m.c.i.embedder.EclipseLogger - Using platform encoding (Cp1252 actually) to copy filtered resources, i.e. build is platform dependent!
2015-02-12 11:17:38,355 [Worker-72] INFO  o.e.m.c.i.embedder.EclipseLogger - skip non existing resourceDirectory C:\Users\Sabid\Documents\GitHub\Restaurant\KitchenApp\src\test\resources
2015-02-12 11:18:21,969 [Worker-79] WARN  o.e.m.c.i.embedder.EclipseLogger - Using platform encoding (Cp1252 actually) to copy filtered resources, i.e. build is platform dependent!
2015-02-12 11:18:21,970 [Worker-79] INFO  o.e.m.c.i.embedder.EclipseLogger - skip non existing resourceDirectory C:\Users\Sabid\Documents\GitHub\Restaurant\KitchenApp\src\main\resources
2015-02-12 11:18:21,972 [Worker-79] WARN  o.e.m.c.i.embedder.EclipseLogger - Using platform encoding (Cp1252 actually) to copy filtered resources, i.e. build is platform dependent!
2015-02-12 11:18:21,972 [Worker-79] INFO  o.e.m.c.i.embedder.EclipseLogger - skip non existing resourceDirectory C:\Users\Sabid\Documents\GitHub\Restaurant\KitchenApp\src\test\resources
2015-02-12 11:20:22,630 [Worker-36] WARN  o.e.m.c.i.embedder.EclipseLogger - Using platform encoding (Cp1252 actually) to copy filtered resources, i.e. build is platform dependent!
2015-02-12 11:20:22,631 [Worker-36] INFO  o.e.m.c.i.embedder.EclipseLogger - skip non existing resourceDirectory C:\Users\Sabid\Documents\GitHub\Restaurant\KitchenApp\src\main\resources
2015-02-12 11:20:22,636 [Worker-36] WARN  o.e.m.c.i.embedder.EclipseLogger - Using platform encoding (Cp1252 actually) to copy filtered resources, i.e. build is platform dependent!
2015-02-12 11:20:22,637 [Worker-36] INFO  o.e.m.c.i.embedder.EclipseLogger - skip non existing resourceDirectory C:\Users\Sabid\Documents\GitHub\Restaurant\KitchenApp\src\test\resources
2015-02-12 11:21:00,362 [Worker-72] WARN  o.e.m.c.i.embedder.EclipseLogger - Using platform encoding (Cp1252 actually) to copy filtered resources, i.e. build is platform dependent!
2015-02-12 11:21:00,363 [Worker-72] INFO  o.e.m.c.i.embedder.EclipseLogger - skip non existing resourceDirectory C:\Users\Sabid\Documents\GitHub\Restaurant\KitchenApp\src\main\resources
2015-02-12 11:21:00,366 [Worker-72] WARN  o.e.m.c.i.embedder.EclipseLogger - Using platform encoding (Cp1252 actually) to copy filtered resources, i.e. build is platform dependent!
2015-02-12 11:21:00,367 [Worker-72] INFO  o.e.m.c.i.embedder.EclipseLogger - skip non existing resourceDirectory C:\Users\Sabid\Documents\GitHub\Restaurant\KitchenApp\src\test\resources
2015-02-12 11:21:51,726 [Worker-77] WARN  o.e.m.c.i.embedder.EclipseLogger - Using platform encoding (Cp1252 actually) to copy filtered resources, i.e. build is platform dependent!
2015-02-12 11:21:51,727 [Worker-77] INFO  o.e.m.c.i.embedder.EclipseLogger - skip non existing resourceDirectory C:\Users\Sabid\Documents\GitHub\Restaurant\KitchenApp\src\main\resources
2015-02-12 11:21:51,729 [Worker-77] WARN  o.e.m.c.i.embedder.EclipseLogger - Using platform encoding (Cp1252 actually) to copy filtered resources, i.e. build is platform dependent!
2015-02-12 11:21:51,730 [Worker-77] INFO  o.e.m.c.i.embedder.EclipseLogger - skip non existing resourceDirectory C:\Users\Sabid\Documents\GitHub\Restaurant\KitchenApp\src\test\resources
2015-02-12 11:22:02,631 [Worker-78] WARN  o.e.m.c.i.embedder.EclipseLogger - Using platform encoding (Cp1252 actually) to copy filtered resources, i.e. build is platform dependent!
2015-02-12 11:22:02,633 [Worker-78] INFO  o.e.m.c.i.embedder.EclipseLogger - skip non existing resourceDirectory C:\Users\Sabid\Documents\GitHub\Restaurant\KitchenApp\src\main\resources
2015-02-12 11:22:02,635 [Worker-78] WARN  o.e.m.c.i.embedder.EclipseLogger - Using platform encoding (Cp1252 actually) to copy filtered resources, i.e. build is platform dependent!
2015-02-12 11:22:02,636 [Worker-78] INFO  o.e.m.c.i.embedder.EclipseLogger - skip non existing resourceDirectory C:\Users\Sabid\Documents\GitHub\Restaurant\KitchenApp\src\test\resources
2015-02-12 11:22:21,514 [Worker-36] WARN  o.e.m.c.i.embedder.EclipseLogger - Using platform encoding (Cp1252 actually) to copy filtered resources, i.e. build is platform dependent!
2015-02-12 11:22:21,515 [Worker-36] INFO  o.e.m.c.i.embedder.EclipseLogger - skip non existing resourceDirectory C:\Users\Sabid\Documents\GitHub\Restaurant\KitchenApp\src\main\resources
2015-02-12 11:22:21,517 [Worker-36] WARN  o.e.m.c.i.embedder.EclipseLogger - Using platform encoding (Cp1252 actually) to copy filtered resources, i.e. build is platform dependent!
2015-02-12 11:22:21,517 [Worker-36] INFO  o.e.m.c.i.embedder.EclipseLogger - skip non existing resourceDirectory C:\Users\Sabid\Documents\GitHub\Restaurant\KitchenApp\src\test\resources
2015-02-12 11:22:48,860 [Worker-81] WARN  o.e.m.c.i.embedder.EclipseLogger - Using platform encoding (Cp1252 actually) to copy filtered resources, i.e. build is platform dependent!
2015-02-12 11:22:48,861 [Worker-81] INFO  o.e.m.c.i.embedder.EclipseLogger - skip non existing resourceDirectory C:\Users\Sabid\Documents\GitHub\Restaurant\KitchenApp\src\main\resources
2015-02-12 11:22:48,864 [Worker-81] WARN  o.e.m.c.i.embedder.EclipseLogger - Using platform encoding (Cp1252 actually) to copy filtered resources, i.e. build is platform dependent!
2015-02-12 11:22:48,865 [Worker-81] INFO  o.e.m.c.i.embedder.EclipseLogger - skip non existing resourceDirectory C:\Users\Sabid\Documents\GitHub\Restaurant\KitchenApp\src\test\resources
2015-02-12 11:23:03,961 [Worker-77] WARN  o.e.m.c.i.embedder.EclipseLogger - Using platform encoding (Cp1252 actually) to copy filtered resources, i.e. build is platform dependent!
2015-02-12 11:23:03,962 [Worker-77] INFO  o.e.m.c.i.embedder.EclipseLogger - skip non existing resourceDirectory C:\Users\Sabid\Documents\GitHub\Restaurant\KitchenApp\src\main\resources
2015-02-12 11:23:03,965 [Worker-77] WARN  o.e.m.c.i.embedder.EclipseLogger - Using platform encoding (Cp1252 actually) to copy filtered resources, i.e. build is platform dependent!
2015-02-12 11:23:03,966 [Worker-77] INFO  o.e.m.c.i.embedder.EclipseLogger - skip non existing resourceDirectory C:\Users\Sabid\Documents\GitHub\Restaurant\KitchenApp\src\test\resources
2015-02-12 11:24:12,160 [Worker-72] WARN  o.e.m.c.i.embedder.EclipseLogger - Using platform encoding (Cp1252 actually) to copy filtered resources, i.e. build is platform dependent!
2015-02-12 11:24:12,161 [Worker-72] INFO  o.e.m.c.i.embedder.EclipseLogger - skip non existing resourceDirectory C:\Users\Sabid\Documents\GitHub\Restaurant\KitchenApp\src\main\resources
2015-02-12 11:24:12,165 [Worker-72] WARN  o.e.m.c.i.embedder.EclipseLogger - Using platform encoding (Cp1252 actually) to copy filtered resources, i.e. build is platform dependent!
2015-02-12 11:24:12,167 [Worker-72] INFO  o.e.m.c.i.embedder.EclipseLogger - skip non existing resourceDirectory C:\Users\Sabid\Documents\GitHub\Restaurant\KitchenApp\src\test\resources
2015-02-12 11:24:44,484 [Worker-81] WARN  o.e.m.c.i.embedder.EclipseLogger - Using platform encoding (Cp1252 actually) to copy filtered resources, i.e. build is platform dependent!
2015-02-12 11:24:44,485 [Worker-81] INFO  o.e.m.c.i.embedder.EclipseLogger - skip non existing resourceDirectory C:\Users\Sabid\Documents\GitHub\Restaurant\KitchenApp\src\main\resources
2015-02-12 11:24:44,488 [Worker-81] WARN  o.e.m.c.i.embedder.EclipseLogger - Using platform encoding (Cp1252 actually) to copy filtered resources, i.e. build is platform dependent!
2015-02-12 11:24:44,489 [Worker-81] INFO  o.e.m.c.i.embedder.EclipseLogger - skip non existing resourceDirectory C:\Users\Sabid\Documents\GitHub\Restaurant\KitchenApp\src\test\resources
2015-02-12 11:25:45,369 [Worker-83] WARN  o.e.m.c.i.embedder.EclipseLogger - Using platform encoding (Cp1252 actually) to copy filtered resources, i.e. build is platform dependent!
2015-02-12 11:25:45,370 [Worker-83] INFO  o.e.m.c.i.embedder.EclipseLogger - skip non existing resourceDirectory C:\Users\Sabid\Documents\GitHub\Restaurant\KitchenApp\src\main\resources
2015-02-12 11:25:45,373 [Worker-83] WARN  o.e.m.c.i.embedder.EclipseLogger - Using platform encoding (Cp1252 actually) to copy filtered resources, i.e. build is platform dependent!
2015-02-12 11:25:45,374 [Worker-83] INFO  o.e.m.c.i.embedder.EclipseLogger - skip non existing resourceDirectory C:\Users\Sabid\Documents\GitHub\Restaurant\KitchenApp\src\test\resources
2015-02-12 11:26:19,222 [Worker-82] WARN  o.e.m.c.i.embedder.EclipseLogger - Using platform encoding (Cp1252 actually) to copy filtered resources, i.e. build is platform dependent!
2015-02-12 11:26:19,223 [Worker-82] INFO  o.e.m.c.i.embedder.EclipseLogger - skip non existing resourceDirectory C:\Users\Sabid\Documents\GitHub\Restaurant\KitchenApp\src\main\resources
2015-02-12 11:26:19,227 [Worker-82] WARN  o.e.m.c.i.embedder.EclipseLogger - Using platform encoding (Cp1252 actually) to copy filtered resources, i.e. build is platform dependent!
2015-02-12 11:26:19,228 [Worker-82] INFO  o.e.m.c.i.embedder.EclipseLogger - skip non existing resourceDirectory C:\Users\Sabid\Documents\GitHub\Restaurant\KitchenApp\src\test\resources
2015-02-12 11:26:26,883 [Worker-83] WARN  o.e.m.c.i.embedder.EclipseLogger - Using platform encoding (Cp1252 actually) to copy filtered resources, i.e. build is platform dependent!
2015-02-12 11:26:26,884 [Worker-83] INFO  o.e.m.c.i.embedder.EclipseLogger - skip non existing resourceDirectory C:\Users\Sabid\Documents\GitHub\Restaurant\KitchenApp\src\main\resources
2015-02-12 11:26:26,888 [Worker-83] WARN  o.e.m.c.i.embedder.EclipseLogger - Using platform encoding (Cp1252 actually) to copy filtered resources, i.e. build is platform dependent!
2015-02-12 11:26:26,889 [Worker-83] INFO  o.e.m.c.i.embedder.EclipseLogger - skip non existing resourceDirectory C:\Users\Sabid\Documents\GitHub\Restaurant\KitchenApp\src\test\resources
2015-02-12 11:27:30,166 [Worker-75] WARN  o.e.m.c.i.embedder.EclipseLogger - Using platform encoding (Cp1252 actually) to copy filtered resources, i.e. build is platform dependent!
2015-02-12 11:27:30,167 [Worker-75] INFO  o.e.m.c.i.embedder.EclipseLogger - skip non existing resourceDirectory C:\Users\Sabid\Documents\GitHub\Restaurant\KitchenApp\src\main\resources
2015-02-12 11:27:30,171 [Worker-75] WARN  o.e.m.c.i.embedder.EclipseLogger - Using platform encoding (Cp1252 actually) to copy filtered resources, i.e. build is platform dependent!
2015-02-12 11:27:30,172 [Worker-75] INFO  o.e.m.c.i.embedder.EclipseLogger - skip non existing resourceDirectory C:\Users\Sabid\Documents\GitHub\Restaurant\KitchenApp\src\test\resources
2015-02-12 11:27:36,799 [Worker-36] WARN  o.e.m.c.i.embedder.EclipseLogger - Using platform encoding (Cp1252 actually) to copy filtered resources, i.e. build is platform dependent!
2015-02-12 11:27:36,801 [Worker-36] INFO  o.e.m.c.i.embedder.EclipseLogger - skip non existing resourceDirectory C:\Users\Sabid\Documents\GitHub\Restaurant\KitchenApp\src\main\resources
2015-02-12 11:27:36,803 [Worker-36] WARN  o.e.m.c.i.embedder.EclipseLogger - Using platform encoding (Cp1252 actually) to copy filtered resources, i.e. build is platform dependent!
2015-02-12 11:27:36,804 [Worker-36] INFO  o.e.m.c.i.embedder.EclipseLogger - skip non existing resourceDirectory C:\Users\Sabid\Documents\GitHub\Restaurant\KitchenApp\src\test\resources
2015-02-12 11:28:12,739 [Worker-78] WARN  o.e.m.c.i.embedder.EclipseLogger - Using platform encoding (Cp1252 actually) to copy filtered resources, i.e. build is platform dependent!
2015-02-12 11:28:12,740 [Worker-78] INFO  o.e.m.c.i.embedder.EclipseLogger - skip non existing resourceDirectory C:\Users\Sabid\Documents\GitHub\Restaurant\KitchenApp\src\main\resources
2015-02-12 11:28:12,743 [Worker-78] WARN  o.e.m.c.i.embedder.EclipseLogger - Using platform encoding (Cp1252 actually) to copy filtered resources, i.e. build is platform dependent!
2015-02-12 11:28:12,750 [Worker-78] INFO  o.e.m.c.i.embedder.EclipseLogger - skip non existing resourceDirectory C:\Users\Sabid\Documents\GitHub\Restaurant\KitchenApp\src\test\resources
2015-02-12 11:28:22,093 [Worker-77] WARN  o.e.m.c.i.embedder.EclipseLogger - Using platform encoding (Cp1252 actually) to copy filtered resources, i.e. build is platform dependent!
2015-02-12 11:28:22,094 [Worker-77] INFO  o.e.m.c.i.embedder.EclipseLogger - skip non existing resourceDirectory C:\Users\Sabid\Documents\GitHub\Restaurant\KitchenApp\src\main\resources
2015-02-12 11:28:22,097 [Worker-77] WARN  o.e.m.c.i.embedder.EclipseLogger - Using platform encoding (Cp1252 actually) to copy filtered resources, i.e. build is platform dependent!
2015-02-12 11:28:22,098 [Worker-77] INFO  o.e.m.c.i.embedder.EclipseLogger - skip non existing resourceDirectory C:\Users\Sabid\Documents\GitHub\Restaurant\KitchenApp\src\test\resources
2015-02-12 11:29:02,781 [Worker-82] WARN  o.e.m.c.i.embedder.EclipseLogger - Using platform encoding (Cp1252 actually) to copy filtered resources, i.e. build is platform dependent!
2015-02-12 11:29:02,782 [Worker-82] INFO  o.e.m.c.i.embedder.EclipseLogger - skip non existing resourceDirectory C:\Users\Sabid\Documents\GitHub\Restaurant\KitchenApp\src\main\resources
2015-02-12 11:29:02,784 [Worker-82] WARN  o.e.m.c.i.embedder.EclipseLogger - Using platform encoding (Cp1252 actually) to copy filtered resources, i.e. build is platform dependent!
2015-02-12 11:29:02,785 [Worker-82] INFO  o.e.m.c.i.embedder.EclipseLogger - skip non existing resourceDirectory C:\Users\Sabid\Documents\GitHub\Restaurant\KitchenApp\src\test\resources
2015-02-12 11:29:19,343 [Worker-82] WARN  o.e.m.c.i.embedder.EclipseLogger - Using platform encoding (Cp1252 actually) to copy filtered resources, i.e. build is platform dependent!
2015-02-12 11:29:19,344 [Worker-82] INFO  o.e.m.c.i.embedder.EclipseLogger - skip non existing resourceDirectory C:\Users\Sabid\Documents\GitHub\Restaurant\KitchenApp\src\main\resources
2015-02-12 11:29:19,347 [Worker-82] WARN  o.e.m.c.i.embedder.EclipseLogger - Using platform encoding (Cp1252 actually) to copy filtered resources, i.e. build is platform dependent!
2015-02-12 11:29:19,348 [Worker-82] INFO  o.e.m.c.i.embedder.EclipseLogger - skip non existing resourceDirectory C:\Users\Sabid\Documents\GitHub\Restaurant\KitchenApp\src\test\resources
2015-02-12 11:29:40,457 [Worker-75] WARN  o.e.m.c.i.embedder.EclipseLogger - Using platform encoding (Cp1252 actually) to copy filtered resources, i.e. build is platform dependent!
2015-02-12 11:29:40,458 [Worker-75] INFO  o.e.m.c.i.embedder.EclipseLogger - skip non existing resourceDirectory C:\Users\Sabid\Documents\GitHub\Restaurant\KitchenApp\src\main\resources
2015-02-12 11:29:40,460 [Worker-75] WARN  o.e.m.c.i.embedder.EclipseLogger - Using platform encoding (Cp1252 actually) to copy filtered resources, i.e. build is platform dependent!
2015-02-12 11:29:40,461 [Worker-75] INFO  o.e.m.c.i.embedder.EclipseLogger - skip non existing resourceDirectory C:\Users\Sabid\Documents\GitHub\Restaurant\KitchenApp\src\test\resources
2015-02-12 11:30:50,912 [Worker-81] WARN  o.e.m.c.i.embedder.EclipseLogger - Using platform encoding (Cp1252 actually) to copy filtered resources, i.e. build is platform dependent!
2015-02-12 11:30:50,913 [Worker-81] INFO  o.e.m.c.i.embedder.EclipseLogger - skip non existing resourceDirectory C:\Users\Sabid\Documents\GitHub\Restaurant\KitchenApp\src\main\resources
2015-02-12 11:30:50,915 [Worker-81] WARN  o.e.m.c.i.embedder.EclipseLogger - Using platform encoding (Cp1252 actually) to copy filtered resources, i.e. build is platform dependent!
2015-02-12 11:30:50,916 [Worker-81] INFO  o.e.m.c.i.embedder.EclipseLogger - skip non existing resourceDirectory C:\Users\Sabid\Documents\GitHub\Restaurant\KitchenApp\src\test\resources
2015-02-12 11:30:58,474 [Worker-75] WARN  o.e.m.c.i.embedder.EclipseLogger - Using platform encoding (Cp1252 actually) to copy filtered resources, i.e. build is platform dependent!
2015-02-12 11:30:58,475 [Worker-75] INFO  o.e.m.c.i.embedder.EclipseLogger - skip non existing resourceDirectory C:\Users\Sabid\Documents\GitHub\Restaurant\KitchenApp\src\main\resources
2015-02-12 11:30:58,478 [Worker-75] WARN  o.e.m.c.i.embedder.EclipseLogger - Using platform encoding (Cp1252 actually) to copy filtered resources, i.e. build is platform dependent!
2015-02-12 11:30:58,479 [Worker-75] INFO  o.e.m.c.i.embedder.EclipseLogger - skip non existing resourceDirectory C:\Users\Sabid\Documents\GitHub\Restaurant\KitchenApp\src\test\resources
2015-02-12 11:34:38,741 [Worker-77] WARN  o.e.m.c.i.embedder.EclipseLogger - Using platform encoding (Cp1252 actually) to copy filtered resources, i.e. build is platform dependent!
2015-02-12 11:34:38,742 [Worker-77] INFO  o.e.m.c.i.embedder.EclipseLogger - skip non existing resourceDirectory C:\Users\Sabid\Documents\GitHub\Restaurant\KitchenApp\src\main\resources
2015-02-12 11:34:38,746 [Worker-77] WARN  o.e.m.c.i.embedder.EclipseLogger - Using platform encoding (Cp1252 actually) to copy filtered resources, i.e. build is platform dependent!
2015-02-12 11:34:38,747 [Worker-77] INFO  o.e.m.c.i.embedder.EclipseLogger - skip non existing resourceDirectory C:\Users\Sabid\Documents\GitHub\Restaurant\KitchenApp\src\test\resources
2015-02-12 11:36:04,303 [Worker-36] WARN  o.e.m.c.i.embedder.EclipseLogger - Using platform encoding (Cp1252 actually) to copy filtered resources, i.e. build is platform dependent!
2015-02-12 11:36:04,304 [Worker-36] INFO  o.e.m.c.i.embedder.EclipseLogger - skip non existing resourceDirectory C:\Users\Sabid\Documents\GitHub\Restaurant\KitchenApp\src\main\resources
2015-02-12 11:36:04,307 [Worker-36] WARN  o.e.m.c.i.embedder.EclipseLogger - Using platform encoding (Cp1252 actually) to copy filtered resources, i.e. build is platform dependent!
2015-02-12 11:36:04,308 [Worker-36] INFO  o.e.m.c.i.embedder.EclipseLogger - skip non existing resourceDirectory C:\Users\Sabid\Documents\GitHub\Restaurant\KitchenApp\src\test\resources
2015-02-12 11:37:22,074 [Worker-83] WARN  o.e.m.c.i.embedder.EclipseLogger - Using platform encoding (Cp1252 actually) to copy filtered resources, i.e. build is platform dependent!
2015-02-12 11:37:22,075 [Worker-83] INFO  o.e.m.c.i.embedder.EclipseLogger - skip non existing resourceDirectory C:\Users\Sabid\Documents\GitHub\Restaurant\KitchenApp\src\main\resources
2015-02-12 11:37:22,079 [Worker-83] WARN  o.e.m.c.i.embedder.EclipseLogger - Using platform encoding (Cp1252 actually) to copy filtered resources, i.e. build is platform dependent!
2015-02-12 11:37:22,080 [Worker-83] INFO  o.e.m.c.i.embedder.EclipseLogger - skip non existing resourceDirectory C:\Users\Sabid\Documents\GitHub\Restaurant\KitchenApp\src\test\resources
2015-02-12 11:39:41,115 [Worker-83] WARN  o.e.m.c.i.embedder.EclipseLogger - Using platform encoding (Cp1252 actually) to copy filtered resources, i.e. build is platform dependent!
2015-02-12 11:39:41,116 [Worker-83] INFO  o.e.m.c.i.embedder.EclipseLogger - skip non existing resourceDirectory C:\Users\Sabid\Documents\GitHub\Restaurant\KitchenApp\src\main\resources
2015-02-12 11:39:41,118 [Worker-83] WARN  o.e.m.c.i.embedder.EclipseLogger - Using platform encoding (Cp1252 actually) to copy filtered resources, i.e. build is platform dependent!
2015-02-12 11:39:41,119 [Worker-83] INFO  o.e.m.c.i.embedder.EclipseLogger - skip non existing resourceDirectory C:\Users\Sabid\Documents\GitHub\Restaurant\KitchenApp\src\test\resources
2015-02-12 11:40:27,174 [Worker-83] WARN  o.e.m.c.i.embedder.EclipseLogger - Using platform encoding (Cp1252 actually) to copy filtered resources, i.e. build is platform dependent!
2015-02-12 11:40:27,176 [Worker-83] INFO  o.e.m.c.i.embedder.EclipseLogger - skip non existing resourceDirectory C:\Users\Sabid\Documents\GitHub\Restaurant\KitchenApp\src\main\resources
2015-02-12 11:40:27,179 [Worker-83] WARN  o.e.m.c.i.embedder.EclipseLogger - Using platform encoding (Cp1252 actually) to copy filtered resources, i.e. build is platform dependent!
2015-02-12 11:40:27,180 [Worker-83] INFO  o.e.m.c.i.embedder.EclipseLogger - skip non existing resourceDirectory C:\Users\Sabid\Documents\GitHub\Restaurant\KitchenApp\src\test\resources
2015-02-12 11:41:12,171 [Worker-84] WARN  o.e.m.c.i.embedder.EclipseLogger - Using platform encoding (Cp1252 actually) to copy filtered resources, i.e. build is platform dependent!
2015-02-12 11:41:12,172 [Worker-84] INFO  o.e.m.c.i.embedder.EclipseLogger - skip non existing resourceDirectory C:\Users\Sabid\Documents\GitHub\Restaurant\KitchenApp\src\main\resources
2015-02-12 11:41:12,174 [Worker-84] WARN  o.e.m.c.i.embedder.EclipseLogger - Using platform encoding (Cp1252 actually) to copy filtered resources, i.e. build is platform dependent!
2015-02-12 11:41:12,174 [Worker-84] INFO  o.e.m.c.i.embedder.EclipseLogger - skip non existing resourceDirectory C:\Users\Sabid\Documents\GitHub\Restaurant\KitchenApp\src\test\resources
2015-02-12 11:41:17,096 [Worker-72] WARN  o.e.m.c.i.embedder.EclipseLogger - Using platform encoding (Cp1252 actually) to copy filtered resources, i.e. build is platform dependent!
2015-02-12 11:41:17,097 [Worker-72] INFO  o.e.m.c.i.embedder.EclipseLogger - skip non existing resourceDirectory C:\Users\Sabid\Documents\GitHub\Restaurant\KitchenApp\src\main\resources
2015-02-12 11:41:17,099 [Worker-72] WARN  o.e.m.c.i.embedder.EclipseLogger - Using platform encoding (Cp1252 actually) to copy filtered resources, i.e. build is platform dependent!
2015-02-12 11:41:17,100 [Worker-72] INFO  o.e.m.c.i.embedder.EclipseLogger - skip non existing resourceDirectory C:\Users\Sabid\Documents\GitHub\Restaurant\KitchenApp\src\test\resources
2015-02-12 11:41:53,352 [Worker-85] WARN  o.e.m.c.i.embedder.EclipseLogger - Using platform encoding (Cp1252 actually) to copy filtered resources, i.e. build is platform dependent!
2015-02-12 11:41:53,353 [Worker-85] INFO  o.e.m.c.i.embedder.EclipseLogger - skip non existing resourceDirectory C:\Users\Sabid\Documents\GitHub\Restaurant\KitchenApp\src\main\resources
2015-02-12 11:41:53,354 [Worker-85] WARN  o.e.m.c.i.embedder.EclipseLogger - Using platform encoding (Cp1252 actually) to copy filtered resources, i.e. build is platform dependent!
2015-02-12 11:41:53,355 [Worker-85] INFO  o.e.m.c.i.embedder.EclipseLogger - skip non existing resourceDirectory C:\Users\Sabid\Documents\GitHub\Restaurant\KitchenApp\src\test\resources
2015-02-12 11:42:01,571 [Worker-84] WARN  o.e.m.c.i.embedder.EclipseLogger - Using platform encoding (Cp1252 actually) to copy filtered resources, i.e. build is platform dependent!
2015-02-12 11:42:01,571 [Worker-84] INFO  o.e.m.c.i.embedder.EclipseLogger - skip non existing resourceDirectory C:\Users\Sabid\Documents\GitHub\Restaurant\KitchenApp\src\main\resources
2015-02-12 11:42:01,574 [Worker-84] WARN  o.e.m.c.i.embedder.EclipseLogger - Using platform encoding (Cp1252 actually) to copy filtered resources, i.e. build is platform dependent!
2015-02-12 11:42:01,574 [Worker-84] INFO  o.e.m.c.i.embedder.EclipseLogger - skip non existing resourceDirectory C:\Users\Sabid\Documents\GitHub\Restaurant\KitchenApp\src\test\resources
2015-02-12 11:44:29,135 [Worker-84] WARN  o.e.m.c.i.embedder.EclipseLogger - Using platform encoding (Cp1252 actually) to copy filtered resources, i.e. build is platform dependent!
2015-02-12 11:44:29,136 [Worker-84] INFO  o.e.m.c.i.embedder.EclipseLogger - skip non existing resourceDirectory C:\Users\Sabid\Documents\GitHub\Restaurant\KitchenApp\src\main\resources
2015-02-12 11:44:29,140 [Worker-84] WARN  o.e.m.c.i.embedder.EclipseLogger - Using platform encoding (Cp1252 actually) to copy filtered resources, i.e. build is platform dependent!
2015-02-12 11:44:29,141 [Worker-84] INFO  o.e.m.c.i.embedder.EclipseLogger - skip non existing resourceDirectory C:\Users\Sabid\Documents\GitHub\Restaurant\KitchenApp\src\test\resources
2015-02-12 11:44:45,835 [Worker-84] WARN  o.e.m.c.i.embedder.EclipseLogger - Using platform encoding (Cp1252 actually) to copy filtered resources, i.e. build is platform dependent!
2015-02-12 11:44:45,836 [Worker-84] INFO  o.e.m.c.i.embedder.EclipseLogger - skip non existing resourceDirectory C:\Users\Sabid\Documents\GitHub\Restaurant\KitchenApp\src\main\resources
2015-02-12 11:44:45,839 [Worker-84] WARN  o.e.m.c.i.embedder.EclipseLogger - Using platform encoding (Cp1252 actually) to copy filtered resources, i.e. build is platform dependent!
2015-02-12 11:44:45,840 [Worker-84] INFO  o.e.m.c.i.embedder.EclipseLogger - skip non existing resourceDirectory C:\Users\Sabid\Documents\GitHub\Restaurant\KitchenApp\src\test\resources
2015-02-12 11:45:15,761 [Worker-86] WARN  o.e.m.c.i.embedder.EclipseLogger - Using platform encoding (Cp1252 actually) to copy filtered resources, i.e. build is platform dependent!
2015-02-12 11:45:15,762 [Worker-86] INFO  o.e.m.c.i.embedder.EclipseLogger - skip non existing resourceDirectory C:\Users\Sabid\Documents\GitHub\Restaurant\KitchenApp\src\main\resources
2015-02-12 11:45:15,764 [Worker-86] WARN  o.e.m.c.i.embedder.EclipseLogger - Using platform encoding (Cp1252 actually) to copy filtered resources, i.e. build is platform dependent!
2015-02-12 11:45:15,765 [Worker-86] INFO  o.e.m.c.i.embedder.EclipseLogger - skip non existing resourceDirectory C:\Users\Sabid\Documents\GitHub\Restaurant\KitchenApp\src\test\resources
2015-02-12 11:45:35,862 [Worker-75] WARN  o.e.m.c.i.embedder.EclipseLogger - Using platform encoding (Cp1252 actually) to copy filtered resources, i.e. build is platform dependent!
2015-02-12 11:45:35,863 [Worker-75] INFO  o.e.m.c.i.embedder.EclipseLogger - skip non existing resourceDirectory C:\Users\Sabid\Documents\GitHub\Restaurant\KitchenApp\src\main\resources
2015-02-12 11:45:35,865 [Worker-75] WARN  o.e.m.c.i.embedder.EclipseLogger - Using platform encoding (Cp1252 actually) to copy filtered resources, i.e. build is platform dependent!
2015-02-12 11:45:35,866 [Worker-75] INFO  o.e.m.c.i.embedder.EclipseLogger - skip non existing resourceDirectory C:\Users\Sabid\Documents\GitHub\Restaurant\KitchenApp\src\test\resources
2015-02-12 11:45:49,739 [Worker-81] WARN  o.e.m.c.i.embedder.EclipseLogger - Using platform encoding (Cp1252 actually) to copy filtered resources, i.e. build is platform dependent!
2015-02-12 11:45:49,739 [Worker-81] INFO  o.e.m.c.i.embedder.EclipseLogger - skip non existing resourceDirectory C:\Users\Sabid\Documents\GitHub\Restaurant\KitchenApp\src\main\resources
2015-02-12 11:45:49,741 [Worker-81] WARN  o.e.m.c.i.embedder.EclipseLogger - Using platform encoding (Cp1252 actually) to copy filtered resources, i.e. build is platform dependent!
2015-02-12 11:45:49,742 [Worker-81] INFO  o.e.m.c.i.embedder.EclipseLogger - skip non existing resourceDirectory C:\Users\Sabid\Documents\GitHub\Restaurant\KitchenApp\src\test\resources
2015-02-12 11:46:40,662 [Worker-77] WARN  o.e.m.c.i.embedder.EclipseLogger - Using platform encoding (Cp1252 actually) to copy filtered resources, i.e. build is platform dependent!
2015-02-12 11:46:40,663 [Worker-77] INFO  o.e.m.c.i.embedder.EclipseLogger - skip non existing resourceDirectory C:\Users\Sabid\Documents\GitHub\Restaurant\KitchenApp\src\main\resources
2015-02-12 11:46:40,665 [Worker-77] WARN  o.e.m.c.i.embedder.EclipseLogger - Using platform encoding (Cp1252 actually) to copy filtered resources, i.e. build is platform dependent!
2015-02-12 11:46:40,667 [Worker-77] INFO  o.e.m.c.i.embedder.EclipseLogger - skip non existing resourceDirectory C:\Users\Sabid\Documents\GitHub\Restaurant\KitchenApp\src\test\resources
2015-02-12 11:47:56,617 [Worker-77] WARN  o.e.m.c.i.embedder.EclipseLogger - Using platform encoding (Cp1252 actually) to copy filtered resources, i.e. build is platform dependent!
2015-02-12 11:47:56,618 [Worker-77] INFO  o.e.m.c.i.embedder.EclipseLogger - skip non existing resourceDirectory C:\Users\Sabid\Documents\GitHub\Restaurant\KitchenApp\src\main\resources
2015-02-12 11:47:56,621 [Worker-77] WARN  o.e.m.c.i.embedder.EclipseLogger - Using platform encoding (Cp1252 actually) to copy filtered resources, i.e. build is platform dependent!
2015-02-12 11:47:56,622 [Worker-77] INFO  o.e.m.c.i.embedder.EclipseLogger - skip non existing resourceDirectory C:\Users\Sabid\Documents\GitHub\Restaurant\KitchenApp\src\test\resources
2015-02-12 11:49:14,713 [Worker-84] WARN  o.e.m.c.i.embedder.EclipseLogger - Using platform encoding (Cp1252 actually) to copy filtered resources, i.e. build is platform dependent!
2015-02-12 11:49:14,714 [Worker-84] INFO  o.e.m.c.i.embedder.EclipseLogger - skip non existing resourceDirectory C:\Users\Sabid\Documents\GitHub\Restaurant\KitchenApp\src\main\resources
2015-02-12 11:49:14,716 [Worker-84] WARN  o.e.m.c.i.embedder.EclipseLogger - Using platform encoding (Cp1252 actually) to copy filtered resources, i.e. build is platform dependent!
2015-02-12 11:49:14,717 [Worker-84] INFO  o.e.m.c.i.embedder.EclipseLogger - skip non existing resourceDirectory C:\Users\Sabid\Documents\GitHub\Restaurant\KitchenApp\src\test\resources
2015-02-12 11:49:21,876 [Worker-81] WARN  o.e.m.c.i.embedder.EclipseLogger - Using platform encoding (Cp1252 actually) to copy filtered resources, i.e. build is platform dependent!
2015-02-12 11:49:21,878 [Worker-81] INFO  o.e.m.c.i.embedder.EclipseLogger - skip non existing resourceDirectory C:\Users\Sabid\Documents\GitHub\Restaurant\KitchenApp\src\main\resources
2015-02-12 11:49:21,881 [Worker-81] WARN  o.e.m.c.i.embedder.EclipseLogger - Using platform encoding (Cp1252 actually) to copy filtered resources, i.e. build is platform dependent!
2015-02-12 11:49:21,881 [Worker-81] INFO  o.e.m.c.i.embedder.EclipseLogger - skip non existing resourceDirectory C:\Users\Sabid\Documents\GitHub\Restaurant\KitchenApp\src\test\resources
2015-02-12 11:50:00,940 [Worker-85] WARN  o.e.m.c.i.embedder.EclipseLogger - Using platform encoding (Cp1252 actually) to copy filtered resources, i.e. build is platform dependent!
2015-02-12 11:50:00,941 [Worker-85] INFO  o.e.m.c.i.embedder.EclipseLogger - skip non existing resourceDirectory C:\Users\Sabid\Documents\GitHub\Restaurant\KitchenApp\src\main\resources
2015-02-12 11:50:00,943 [Worker-85] WARN  o.e.m.c.i.embedder.EclipseLogger - Using platform encoding (Cp1252 actually) to copy filtered resources, i.e. build is platform dependent!
2015-02-12 11:50:00,944 [Worker-85] INFO  o.e.m.c.i.embedder.EclipseLogger - skip non existing resourceDirectory C:\Users\Sabid\Documents\GitHub\Restaurant\KitchenApp\src\test\resources
2015-02-12 11:50:08,143 [Worker-81] WARN  o.e.m.c.i.embedder.EclipseLogger - Using platform encoding (Cp1252 actually) to copy filtered resources, i.e. build is platform dependent!
2015-02-12 11:50:08,145 [Worker-81] INFO  o.e.m.c.i.embedder.EclipseLogger - skip non existing resourceDirectory C:\Users\Sabid\Documents\GitHub\Restaurant\KitchenApp\src\main\resources
2015-02-12 11:50:08,149 [Worker-81] WARN  o.e.m.c.i.embedder.EclipseLogger - Using platform encoding (Cp1252 actually) to copy filtered resources, i.e. build is platform dependent!
2015-02-12 11:50:08,150 [Worker-81] INFO  o.e.m.c.i.embedder.EclipseLogger - skip non existing resourceDirectory C:\Users\Sabid\Documents\GitHub\Restaurant\KitchenApp\src\test\resources
2015-02-12 11:51:02,259 [Worker-86] WARN  o.e.m.c.i.embedder.EclipseLogger - Using platform encoding (Cp1252 actually) to copy filtered resources, i.e. build is platform dependent!
2015-02-12 11:51:02,260 [Worker-86] INFO  o.e.m.c.i.embedder.EclipseLogger - skip non existing resourceDirectory C:\Users\Sabid\Documents\GitHub\Restaurant\KitchenApp\src\main\resources
2015-02-12 11:51:02,263 [Worker-86] WARN  o.e.m.c.i.embedder.EclipseLogger - Using platform encoding (Cp1252 actually) to copy filtered resources, i.e. build is platform dependent!
2015-02-12 11:51:02,265 [Worker-86] INFO  o.e.m.c.i.embedder.EclipseLogger - skip non existing resourceDirectory C:\Users\Sabid\Documents\GitHub\Restaurant\KitchenApp\src\test\resources
2015-02-12 11:51:22,353 [Worker-75] WARN  o.e.m.c.i.embedder.EclipseLogger - Using platform encoding (Cp1252 actually) to copy filtered resources, i.e. build is platform dependent!
2015-02-12 11:51:22,354 [Worker-75] INFO  o.e.m.c.i.embedder.EclipseLogger - skip non existing resourceDirectory C:\Users\Sabid\Documents\GitHub\Restaurant\KitchenApp\src\main\resources
2015-02-12 11:51:22,356 [Worker-75] WARN  o.e.m.c.i.embedder.EclipseLogger - Using platform encoding (Cp1252 actually) to copy filtered resources, i.e. build is platform dependent!
2015-02-12 11:51:22,357 [Worker-75] INFO  o.e.m.c.i.embedder.EclipseLogger - skip non existing resourceDirectory C:\Users\Sabid\Documents\GitHub\Restaurant\KitchenApp\src\test\resources
2015-02-12 11:51:31,892 [Worker-81] WARN  o.e.m.c.i.embedder.EclipseLogger - Using platform encoding (Cp1252 actually) to copy filtered resources, i.e. build is platform dependent!
2015-02-12 11:51:31,893 [Worker-81] INFO  o.e.m.c.i.embedder.EclipseLogger - skip non existing resourceDirectory C:\Users\Sabid\Documents\GitHub\Restaurant\KitchenApp\src\main\resources
2015-02-12 11:51:31,894 [Worker-81] WARN  o.e.m.c.i.embedder.EclipseLogger - Using platform encoding (Cp1252 actually) to copy filtered resources, i.e. build is platform dependent!
2015-02-12 11:51:31,895 [Worker-81] INFO  o.e.m.c.i.embedder.EclipseLogger - skip non existing resourceDirectory C:\Users\Sabid\Documents\GitHub\Restaurant\KitchenApp\src\test\resources
2015-02-12 11:52:19,004 [Worker-86] WARN  o.e.m.c.i.embedder.EclipseLogger - Using platform encoding (Cp1252 actually) to copy filtered resources, i.e. build is platform dependent!
2015-02-12 11:52:19,006 [Worker-86] INFO  o.e.m.c.i.embedder.EclipseLogger - skip non existing resourceDirectory C:\Users\Sabid\Documents\GitHub\Restaurant\KitchenApp\src\main\resources
2015-02-12 11:52:19,009 [Worker-86] WARN  o.e.m.c.i.embedder.EclipseLogger - Using platform encoding (Cp1252 actually) to copy filtered resources, i.e. build is platform dependent!
2015-02-12 11:52:19,010 [Worker-86] INFO  o.e.m.c.i.embedder.EclipseLogger - skip non existing resourceDirectory C:\Users\Sabid\Documents\GitHub\Restaurant\KitchenApp\src\test\resources
2015-02-12 11:52:39,945 [Worker-81] WARN  o.e.m.c.i.embedder.EclipseLogger - Using platform encoding (Cp1252 actually) to copy filtered resources, i.e. build is platform dependent!
2015-02-12 11:52:39,946 [Worker-81] INFO  o.e.m.c.i.embedder.EclipseLogger - skip non existing resourceDirectory C:\Users\Sabid\Documents\GitHub\Restaurant\KitchenApp\src\main\resources
2015-02-12 11:52:39,949 [Worker-81] WARN  o.e.m.c.i.embedder.EclipseLogger - Using platform encoding (Cp1252 actually) to copy filtered resources, i.e. build is platform dependent!
2015-02-12 11:52:39,950 [Worker-81] INFO  o.e.m.c.i.embedder.EclipseLogger - skip non existing resourceDirectory C:\Users\Sabid\Documents\GitHub\Restaurant\KitchenApp\src\test\resources
2015-02-12 11:52:48,400 [Worker-88] WARN  o.e.m.c.i.embedder.EclipseLogger - Using platform encoding (Cp1252 actually) to copy filtered resources, i.e. build is platform dependent!
2015-02-12 11:52:48,401 [Worker-88] INFO  o.e.m.c.i.embedder.EclipseLogger - skip non existing resourceDirectory C:\Users\Sabid\Documents\GitHub\Restaurant\KitchenApp\src\main\resources
2015-02-12 11:52:48,404 [Worker-88] WARN  o.e.m.c.i.embedder.EclipseLogger - Using platform encoding (Cp1252 actually) to copy filtered resources, i.e. build is platform dependent!
2015-02-12 11:52:48,405 [Worker-88] INFO  o.e.m.c.i.embedder.EclipseLogger - skip non existing resourceDirectory C:\Users\Sabid\Documents\GitHub\Restaurant\KitchenApp\src\test\resources
